{"/home/bob/code/dagre-reactjs/packages/dagre-reactjs/src/DAGReact.tsx": {"path":"/home/bob/code/dagre-reactjs/packages/dagre-reactjs/src/DAGReact.tsx","statementMap":{"0":{"start":{"line":1,"column":0},"end":{"line":1,"column":31}},"1":{"start":{"line":3,"column":0},"end":{"line":3,"column":null}},"2":{"start":{"line":18,"column":0},"end":{"line":18,"column":68}},"3":{"start":{"line":19,"column":0},"end":{"line":19,"column":63}},"4":{"start":{"line":20,"column":0},"end":{"line":20,"column":63}},"5":{"start":{"line":21,"column":0},"end":{"line":21,"column":57}},"6":{"start":{"line":22,"column":0},"end":{"line":22,"column":42}},"7":{"start":{"line":23,"column":0},"end":{"line":23,"column":63}},"8":{"start":{"line":24,"column":0},"end":{"line":24,"column":26}},"9":{"start":{"line":25,"column":0},"end":{"line":25,"column":26}},"10":{"start":{"line":26,"column":0},"end":{"line":26,"column":36}},"11":{"start":{"line":49,"column":31},"end":{"line":51,"column":44}},"12":{"start":{"line":51,"column":43},"end":{"line":52,"column":36}},"13":{"start":{"line":52,"column":2},"end":{"line":52,"column":36}},"14":{"start":{"line":54,"column":0},"end":{"line":54,"column":null}},"15":{"start":{"line":54,"column":38},"end":{"line":54,"column":43}},"16":{"start":{"line":79,"column":4},"end":{"line":79,"column":null}},"17":{"start":{"line":198,"column":2},"end":{"line":225,"column":4}},"18":{"start":{"line":203,"column":35},"end":{"line":203,"column":45}},"19":{"start":{"line":203,"column":18},"end":{"line":203,"column":20}},"20":{"start":{"line":203,"column":30},"end":{"line":203,"column":35}},"21":{"start":{"line":204,"column":32},"end":{"line":204,"column":62}},"22":{"start":{"line":205,"column":18},"end":{"line":205,"column":49}},"23":{"start":{"line":206,"column":22},"end":{"line":206,"column":62}},"24":{"start":{"line":208,"column":4},"end":{"line":224,"column":6}},"25":{"start":{"line":218,"column":38},"end":{"line":220,"column":null}},"26":{"start":{"line":221,"column":23},"end":{"line":221,"column":null}},"27":{"start":{"line":227,"column":2},"end":{"line":241,"column":4}},"28":{"start":{"line":228,"column":28},"end":{"line":230,"column":null}},"29":{"start":{"line":233,"column":4},"end":{"line":240,"column":6}},"30":{"start":{"line":243,"column":2},"end":{"line":259,"column":4}},"31":{"start":{"line":248,"column":22},"end":{"line":248,"column":77}},"32":{"start":{"line":249,"column":4},"end":{"line":258,"column":6}},"33":{"start":{"line":256,"column":15},"end":{"line":256,"column":null}},"34":{"start":{"line":261,"column":2},"end":{"line":300,"column":4}},"35":{"start":{"line":262,"column":52},"end":{"line":262,"column":62}},"36":{"start":{"line":262,"column":23},"end":{"line":262,"column":25}},"37":{"start":{"line":262,"column":31},"end":{"line":262,"column":33}},"38":{"start":{"line":262,"column":47},"end":{"line":262,"column":52}},"39":{"start":{"line":263,"column":23},"end":{"line":263,"column":38}},"40":{"start":{"line":264,"column":18},"end":{"line":264,"column":46}},"41":{"start":{"line":266,"column":4},"end":{"line":299,"column":7}},"42":{"start":{"line":267,"column":19},"end":{"line":267,"column":59}},"43":{"start":{"line":268,"column":17},"end":{"line":268,"column":55}},"44":{"start":{"line":270,"column":6},"end":{"line":272,"column":null}},"45":{"start":{"line":271,"column":8},"end":{"line":271,"column":58}},"46":{"start":{"line":273,"column":6},"end":{"line":277,"column":null}},"47":{"start":{"line":274,"column":8},"end":{"line":276,"column":10}},"48":{"start":{"line":279,"column":19},"end":{"line":279,"column":71}},"49":{"start":{"line":281,"column":34},"end":{"line":281,"column":72}},"50":{"start":{"line":282,"column":32},"end":{"line":282,"column":68}},"51":{"start":{"line":284,"column":6},"end":{"line":286,"column":8}},"52":{"start":{"line":287,"column":6},"end":{"line":293,"column":8}},"53":{"start":{"line":295,"column":19},"end":{"line":295,"column":78}},"54":{"start":{"line":297,"column":6},"end":{"line":297,"column":27}},"55":{"start":{"line":298,"column":6},"end":{"line":298,"column":31}},"56":{"start":{"line":81,"column":4},"end":{"line":81,"column":68}},"57":{"start":{"line":83,"column":4},"end":{"line":88,"column":6}},"58":{"start":{"line":90,"column":4},"end":{"line":99,"column":6}},"59":{"start":{"line":101,"column":4},"end":{"line":101,"column":39}},"60":{"start":{"line":104,"column":9},"end":{"line":123,"column":null}},"61":{"start":{"line":105,"column":4},"end":{"line":120,"column":null}},"62":{"start":{"line":106,"column":6},"end":{"line":106,"column":31}},"63":{"start":{"line":107,"column":26},"end":{"line":107,"column":47}},"64":{"start":{"line":108,"column":6},"end":{"line":108,"column":63}},"65":{"start":{"line":109,"column":6},"end":{"line":114,"column":8}},"66":{"start":{"line":116,"column":6},"end":{"line":119,"column":8}},"67":{"start":{"line":122,"column":4},"end":{"line":122,"column":16}},"68":{"start":{"line":125,"column":2},"end":{"line":129,"column":null}},"69":{"start":{"line":127,"column":4},"end":{"line":127,"column":66}},"70":{"start":{"line":128,"column":4},"end":{"line":128,"column":23}},"71":{"start":{"line":131,"column":2},"end":{"line":135,"column":null}},"72":{"start":{"line":133,"column":4},"end":{"line":133,"column":61}},"73":{"start":{"line":134,"column":4},"end":{"line":134,"column":23}},"74":{"start":{"line":137,"column":2},"end":{"line":141,"column":null}},"75":{"start":{"line":138,"column":4},"end":{"line":140,"column":null}},"76":{"start":{"line":139,"column":6},"end":{"line":139,"column":25}},"77":{"start":{"line":143,"column":2},"end":{"line":160,"column":null}},"78":{"start":{"line":143,"column":2},"end":{"line":143,"column":20}},"79":{"start":{"line":144,"column":4},"end":{"line":159,"column":null}},"80":{"start":{"line":145,"column":6},"end":{"line":145,"column":38}},"81":{"start":{"line":146,"column":26},"end":{"line":146,"column":57}},"82":{"start":{"line":147,"column":31},"end":{"line":153,"column":7}},"83":{"start":{"line":148,"column":10},"end":{"line":148,"column":40}},"84":{"start":{"line":149,"column":10},"end":{"line":149,"column":37}},"85":{"start":{"line":150,"column":23},"end":{"line":150,"column":57}},"86":{"start":{"line":151,"column":10},"end":{"line":151,"column":66}},"87":{"start":{"line":152,"column":10},"end":{"line":152,"column":29}},"88":{"start":{"line":154,"column":6},"end":{"line":158,"column":null}},"89":{"start":{"line":155,"column":8},"end":{"line":155,"column":43}},"90":{"start":{"line":157,"column":8},"end":{"line":157,"column":27}},"91":{"start":{"line":162,"column":2},"end":{"line":196,"column":null}},"92":{"start":{"line":162,"column":2},"end":{"line":162,"column":8}},"93":{"start":{"line":164,"column":56},"end":{"line":164,"column":66}},"94":{"start":{"line":164,"column":22},"end":{"line":164,"column":24}},"95":{"start":{"line":164,"column":34},"end":{"line":164,"column":36}},"96":{"start":{"line":164,"column":51},"end":{"line":164,"column":56}},"97":{"start":{"line":166,"column":27},"end":{"line":166,"column":56}},"98":{"start":{"line":167,"column":27},"end":{"line":167,"column":56}},"99":{"start":{"line":168,"column":32},"end":{"line":168,"column":71}},"100":{"start":{"line":169,"column":18},"end":{"line":169,"column":40}},"101":{"start":{"line":170,"column":18},"end":{"line":170,"column":29}},"102":{"start":{"line":171,"column":18},"end":{"line":171,"column":29}},"103":{"start":{"line":173,"column":4},"end":{"line":173,"column":23}},"104":{"start":{"line":174,"column":4},"end":{"line":195,"column":6}},"105":{"start":{"line":177,"column":10},"end":{"line":182,"column":12}},"106":{"start":{"line":185,"column":10},"end":{"line":185,"column":49}},"107":{"start":{"line":188,"column":10},"end":{"line":192,"column":12}},"108":{"start":{"line":60,"column":9},"end":{"line":76,"column":4}},"109":{"start":{"line":301,"column":0},"end":{"line":301,"column":null}},"110":{"start":{"line":54,"column":21},"end":{"line":54,"column":38}}},"fnMap":{"0":{"name":"(anonymous_0)","decl":{"start":{"line":49,"column":31},"end":{"line":49,"column":null}},"loc":{"start":{"line":50,"column":26},"end":{"line":51,"column":44}}},"1":{"name":"(anonymous_1)","decl":{"start":{"line":51,"column":43},"end":{"line":51,"column":44}},"loc":{"start":{"line":51,"column":57},"end":{"line":52,"column":20}}},"2":{"name":"(anonymous_2)","decl":{"start":{"line":54,"column":0},"end":{"line":54,"column":21}},"loc":{"start":{"line":54,"column":0},"end":{"line":54,"column":21}}},"3":{"name":"DAGReact","decl":{"start":{"line":78,"column":2},"end":{"line":78,"column":14}},"loc":{"start":{"line":78,"column":34},"end":{"line":102,"column":3}}},"4":{"name":"(anonymous_4)","decl":{"start":{"line":198,"column":15},"end":{"line":198,"column":null}},"loc":{"start":{"line":201,"column":26},"end":{"line":225,"column":3}}},"5":{"name":"(anonymous_5)","decl":{"start":{"line":218,"column":17},"end":{"line":218,"column":18}},"loc":{"start":{"line":218,"column":33},"end":{"line":218,"column":null}}},"6":{"name":"(anonymous_6)","decl":{"start":{"line":221,"column":17},"end":{"line":221,"column":23}},"loc":{"start":{"line":221,"column":17},"end":{"line":221,"column":24}}},"7":{"name":"(anonymous_7)","decl":{"start":{"line":227,"column":15},"end":{"line":227,"column":16}},"loc":{"start":{"line":227,"column":52},"end":{"line":241,"column":3}}},"8":{"name":"(anonymous_8)","decl":{"start":{"line":243,"column":20},"end":{"line":243,"column":null}},"loc":{"start":{"line":246,"column":26},"end":{"line":259,"column":3}}},"9":{"name":"(anonymous_9)","decl":{"start":{"line":256,"column":9},"end":{"line":256,"column":15}},"loc":{"start":{"line":256,"column":9},"end":{"line":256,"column":16}}},"10":{"name":"(anonymous_10)","decl":{"start":{"line":261,"column":24},"end":{"line":261,"column":null}},"loc":{"start":{"line":261,"column":24},"end":{"line":300,"column":3}}},"11":{"name":"(anonymous_11)","decl":{"start":{"line":266,"column":18},"end":{"line":266,"column":26}},"loc":{"start":{"line":266,"column":26},"end":{"line":299,"column":5}}},"12":{"name":"(anonymous_12)","decl":{"start":{"line":104,"column":2},"end":{"line":104,"column":9}},"loc":{"start":{"line":104,"column":60},"end":{"line":123,"column":3}}},"13":{"name":"(anonymous_13)","decl":{"start":{"line":125,"column":2},"end":{"line":125,"column":21}},"loc":{"start":{"line":125,"column":66},"end":{"line":129,"column":3}}},"14":{"name":"(anonymous_14)","decl":{"start":{"line":131,"column":2},"end":{"line":131,"column":16}},"loc":{"start":{"line":131,"column":61},"end":{"line":135,"column":3}}},"15":{"name":"(anonymous_15)","decl":{"start":{"line":137,"column":2},"end":{"line":137,"column":13}},"loc":{"start":{"line":137,"column":2},"end":{"line":141,"column":3}}},"16":{"name":"(anonymous_16)","decl":{"start":{"line":143,"column":2},"end":{"line":143,"column":20}},"loc":{"start":{"line":143,"column":2},"end":{"line":160,"column":3}}},"17":{"name":"(anonymous_17)","decl":{"start":{"line":147,"column":31},"end":{"line":147,"column":null}},"loc":{"start":{"line":147,"column":31},"end":{"line":153,"column":7}}},"18":{"name":"(anonymous_18)","decl":{"start":{"line":162,"column":2},"end":{"line":162,"column":8}},"loc":{"start":{"line":162,"column":2},"end":{"line":196,"column":3}}},"19":{"name":"(anonymous_19)","decl":{"start":{"line":176,"column":19},"end":{"line":176,"column":20}},"loc":{"start":{"line":176,"column":31},"end":{"line":183,"column":9}}},"20":{"name":"(anonymous_20)","decl":{"start":{"line":184,"column":19},"end":{"line":184,"column":20}},"loc":{"start":{"line":184,"column":35},"end":{"line":186,"column":9}}},"21":{"name":"(anonymous_21)","decl":{"start":{"line":187,"column":19},"end":{"line":187,"column":20}},"loc":{"start":{"line":187,"column":35},"end":{"line":193,"column":9}}},"22":{"name":"(anonymous_22)","decl":{"start":{"line":72,"column":25},"end":{"line":72,"column":32}},"loc":{"start":{"line":72,"column":25},"end":{"line":72,"column":33}}}},"branchMap":{"0":{"loc":{"start":{"line":79,"column":4},"end":{"line":79,"column":16}},"type":"binary-expr","locations":[{"start":{"line":79,"column":4},"end":{"line":79,"column":16}},{"start":{"line":79,"column":16},"end":{"line":79,"column":null}}]},"1":{"loc":{"start":{"line":270,"column":6},"end":{"line":272,"column":null}},"type":"if","locations":[{"start":{"line":270,"column":6},"end":{"line":272,"column":null}},{"start":{"line":270,"column":6},"end":{"line":272,"column":null}}]},"2":{"loc":{"start":{"line":270,"column":10},"end":{"line":270,"column":15}},"type":"binary-expr","locations":[{"start":{"line":270,"column":10},"end":{"line":270,"column":15}},{"start":{"line":270,"column":19},"end":{"line":270,"column":22}}]},"3":{"loc":{"start":{"line":273,"column":6},"end":{"line":277,"column":null}},"type":"if","locations":[{"start":{"line":273,"column":6},"end":{"line":277,"column":null}},{"start":{"line":273,"column":6},"end":{"line":277,"column":null}}]},"4":{"loc":{"start":{"line":105,"column":4},"end":{"line":120,"column":null}},"type":"if","locations":[{"start":{"line":105,"column":4},"end":{"line":120,"column":null}},{"start":{"line":105,"column":4},"end":{"line":120,"column":null}}]},"5":{"loc":{"start":{"line":138,"column":4},"end":{"line":140,"column":null}},"type":"if","locations":[{"start":{"line":138,"column":4},"end":{"line":140,"column":null}},{"start":{"line":138,"column":4},"end":{"line":140,"column":null}}]},"6":{"loc":{"start":{"line":144,"column":4},"end":{"line":159,"column":null}},"type":"if","locations":[{"start":{"line":144,"column":4},"end":{"line":159,"column":null}},{"start":{"line":144,"column":4},"end":{"line":159,"column":null}}]},"7":{"loc":{"start":{"line":154,"column":6},"end":{"line":158,"column":null}},"type":"if","locations":[{"start":{"line":154,"column":6},"end":{"line":158,"column":null}},{"start":{"line":154,"column":6},"end":{"line":158,"column":null}}]},"8":{"loc":{"start":{"line":166,"column":27},"end":{"line":166,"column":37}},"type":"binary-expr","locations":[{"start":{"line":166,"column":27},"end":{"line":166,"column":37}},{"start":{"line":166,"column":41},"end":{"line":166,"column":56}}]},"9":{"loc":{"start":{"line":167,"column":27},"end":{"line":167,"column":37}},"type":"binary-expr","locations":[{"start":{"line":167,"column":27},"end":{"line":167,"column":37}},{"start":{"line":167,"column":41},"end":{"line":167,"column":56}}]},"10":{"loc":{"start":{"line":168,"column":32},"end":{"line":168,"column":47}},"type":"binary-expr","locations":[{"start":{"line":168,"column":32},"end":{"line":168,"column":47}},{"start":{"line":168,"column":51},"end":{"line":168,"column":71}}]}},"s":{"0":0,"1":0,"2":0,"3":0,"4":0,"5":0,"6":0,"7":0,"8":0,"9":0,"10":0,"11":0,"12":0,"13":0,"14":0,"15":0,"16":0,"17":0,"18":0,"19":0,"20":0,"21":0,"22":0,"23":0,"24":0,"25":0,"26":0,"27":0,"28":0,"29":0,"30":0,"31":0,"32":0,"33":0,"34":0,"35":0,"36":0,"37":0,"38":0,"39":0,"40":0,"41":0,"42":0,"43":0,"44":0,"45":0,"46":0,"47":0,"48":0,"49":0,"50":0,"51":0,"52":0,"53":0,"54":0,"55":0,"56":0,"57":0,"58":0,"59":0,"60":0,"61":0,"62":0,"63":0,"64":0,"65":0,"66":0,"67":0,"68":0,"69":0,"70":0,"71":0,"72":0,"73":0,"74":0,"75":0,"76":0,"77":0,"78":0,"79":0,"80":0,"81":0,"82":0,"83":0,"84":0,"85":0,"86":0,"87":0,"88":0,"89":0,"90":0,"91":0,"92":0,"93":0,"94":0,"95":0,"96":0,"97":0,"98":0,"99":0,"100":0,"101":0,"102":0,"103":0,"104":0,"105":0,"106":0,"107":0,"108":0,"109":0,"110":0},"f":{"0":0,"1":0,"2":0,"3":0,"4":0,"5":0,"6":0,"7":0,"8":0,"9":0,"10":0,"11":0,"12":0,"13":0,"14":0,"15":0,"16":0,"17":0,"18":0,"19":0,"20":0,"21":0,"22":0},"b":{"0":[0,0],"1":[0,0],"2":[0,0],"3":[0,0],"4":[0,0],"5":[0,0],"6":[0,0],"7":[0,0],"8":[0,0],"9":[0,0],"10":[0,0]}}
,"/home/bob/code/dagre-reactjs/packages/dagre-reactjs/src/DagreReact.tsx": {"path":"/home/bob/code/dagre-reactjs/packages/dagre-reactjs/src/DagreReact.tsx","statementMap":{"0":{"start":{"line":1,"column":0},"end":{"line":1,"column":31}},"1":{"start":{"line":3,"column":0},"end":{"line":3,"column":45}},"2":{"start":{"line":4,"column":0},"end":{"line":4,"column":34}},"3":{"start":{"line":5,"column":0},"end":{"line":5,"column":null}},"4":{"start":{"line":27,"column":0},"end":{"line":27,"column":null}},"5":{"start":{"line":27,"column":40},"end":{"line":27,"column":45}},"6":{"start":{"line":50,"column":4},"end":{"line":50,"column":null}},"7":{"start":{"line":52,"column":4},"end":{"line":54,"column":6}},"8":{"start":{"line":57,"column":2},"end":{"line":64,"column":null}},"9":{"start":{"line":58,"column":4},"end":{"line":63,"column":6}},"10":{"start":{"line":31,"column":9},"end":{"line":47,"column":4}},"11":{"start":{"line":65,"column":0},"end":{"line":65,"column":null}},"12":{"start":{"line":27,"column":21},"end":{"line":27,"column":40}}},"fnMap":{"0":{"name":"(anonymous_0)","decl":{"start":{"line":27,"column":0},"end":{"line":27,"column":21}},"loc":{"start":{"line":27,"column":0},"end":{"line":27,"column":21}}},"1":{"name":"DagreReact","decl":{"start":{"line":49,"column":2},"end":{"line":49,"column":14}},"loc":{"start":{"line":49,"column":36},"end":{"line":55,"column":3}}},"2":{"name":"(anonymous_2)","decl":{"start":{"line":57,"column":2},"end":{"line":57,"column":8}},"loc":{"start":{"line":57,"column":2},"end":{"line":64,"column":3}}},"3":{"name":"(anonymous_3)","decl":{"start":{"line":43,"column":25},"end":{"line":43,"column":32}},"loc":{"start":{"line":43,"column":25},"end":{"line":43,"column":33}}}},"branchMap":{"0":{"loc":{"start":{"line":50,"column":4},"end":{"line":50,"column":16}},"type":"binary-expr","locations":[{"start":{"line":50,"column":4},"end":{"line":50,"column":16}},{"start":{"line":50,"column":16},"end":{"line":50,"column":null}}]}},"s":{"0":0,"1":0,"2":0,"3":0,"4":0,"5":0,"6":0,"7":0,"8":0,"9":0,"10":0,"11":0,"12":0},"f":{"0":0,"1":0,"2":0,"3":0},"b":{"0":[0,0]}}
,"/home/bob/code/dagre-reactjs/packages/dagre-reactjs/src/Edge.tsx": {"path":"/home/bob/code/dagre-reactjs/packages/dagre-reactjs/src/Edge.tsx","statementMap":{"0":{"start":{"line":1,"column":0},"end":{"line":1,"column":31}},"1":{"start":{"line":11,"column":34},"end":{"line":34,"column":1}},"2":{"start":{"line":11,"column":42},"end":{"line":11,"column":44}},"3":{"start":{"line":11,"column":52},"end":{"line":11,"column":54}},"4":{"start":{"line":11,"column":69},"end":{"line":11,"column":71}},"5":{"start":{"line":13,"column":2},"end":{"line":15,"column":null}},"6":{"start":{"line":14,"column":4},"end":{"line":14,"column":16}},"7":{"start":{"line":18,"column":26},"end":{"line":18,"column":41}},"8":{"start":{"line":19,"column":19},"end":{"line":19,"column":35}},"9":{"start":{"line":21,"column":2},"end":{"line":33,"column":4}},"10":{"start":{"line":35,"column":0},"end":{"line":35,"column":20}}},"fnMap":{"0":{"name":"(anonymous_0)","decl":{"start":{"line":11,"column":34},"end":{"line":11,"column":35}},"loc":{"start":{"line":11,"column":71},"end":{"line":34,"column":1}}}},"branchMap":{"0":{"loc":{"start":{"line":13,"column":2},"end":{"line":15,"column":null}},"type":"if","locations":[{"start":{"line":13,"column":2},"end":{"line":15,"column":null}},{"start":{"line":13,"column":2},"end":{"line":15,"column":null}}]},"1":{"loc":{"start":{"line":13,"column":6},"end":{"line":13,"column":15}},"type":"binary-expr","locations":[{"start":{"line":13,"column":6},"end":{"line":13,"column":15}},{"start":{"line":13,"column":19},"end":{"line":13,"column":35}}]},"2":{"loc":{"start":{"line":27,"column":15},"end":{"line":27,"column":42}},"type":"binary-expr","locations":[{"start":{"line":27,"column":15},"end":{"line":27,"column":42}},{"start":{"line":27,"column":46},"end":{"line":27,"column":78}}]}},"s":{"0":0,"1":0,"2":0,"3":0,"4":0,"5":0,"6":0,"7":0,"8":0,"9":0,"10":0},"f":{"0":0},"b":{"0":[0,0],"1":[0,0],"2":[0,0]}}
,"/home/bob/code/dagre-reactjs/packages/dagre-reactjs/src/EdgeLabel.tsx": {"path":"/home/bob/code/dagre-reactjs/packages/dagre-reactjs/src/EdgeLabel.tsx","statementMap":{"0":{"start":{"line":1,"column":0},"end":{"line":1,"column":31}},"1":{"start":{"line":3,"column":0},"end":{"line":3,"column":32}},"2":{"start":{"line":19,"column":44},"end":{"line":73,"column":1}},"3":{"start":{"line":20,"column":6},"end":{"line":20,"column":null}},"4":{"start":{"line":21,"column":10},"end":{"line":21,"column":null}},"5":{"start":{"line":22,"column":12},"end":{"line":22,"column":null}},"6":{"start":{"line":23,"column":10},"end":{"line":23,"column":null}},"7":{"start":{"line":25,"column":20},"end":{"line":25,"column":51}},"8":{"start":{"line":26,"column":19},"end":{"line":26,"column":42}},"9":{"start":{"line":28,"column":20},"end":{"line":30,"column":null}},"10":{"start":{"line":33,"column":2},"end":{"line":39,"column":4}},"11":{"start":{"line":41,"column":2},"end":{"line":46,"column":null}},"12":{"start":{"line":42,"column":4},"end":{"line":44,"column":null}},"13":{"start":{"line":43,"column":6},"end":{"line":43,"column":23}},"14":{"start":{"line":45,"column":4},"end":{"line":45,"column":16}},"15":{"start":{"line":48,"column":12},"end":{"line":48,"column":28}},"16":{"start":{"line":49,"column":12},"end":{"line":49,"column":28}},"17":{"start":{"line":50,"column":18},"end":{"line":50,"column":44}},"18":{"start":{"line":51,"column":18},"end":{"line":51,"column":45}},"19":{"start":{"line":53,"column":2},"end":{"line":72,"column":4}},"20":{"start":{"line":74,"column":0},"end":{"line":74,"column":25}}},"fnMap":{"0":{"name":"(anonymous_0)","decl":{"start":{"line":19,"column":44},"end":{"line":19,"column":45}},"loc":{"start":{"line":24,"column":1},"end":{"line":73,"column":1}}}},"branchMap":{"0":{"loc":{"start":{"line":41,"column":2},"end":{"line":46,"column":null}},"type":"if","locations":[{"start":{"line":41,"column":2},"end":{"line":46,"column":null}},{"start":{"line":41,"column":2},"end":{"line":46,"column":null}}]},"1":{"loc":{"start":{"line":41,"column":6},"end":{"line":41,"column":11}},"type":"binary-expr","locations":[{"start":{"line":41,"column":6},"end":{"line":41,"column":11}},{"start":{"line":41,"column":15},"end":{"line":41,"column":30}}]},"2":{"loc":{"start":{"line":42,"column":4},"end":{"line":44,"column":null}},"type":"if","locations":[{"start":{"line":42,"column":4},"end":{"line":44,"column":null}},{"start":{"line":42,"column":4},"end":{"line":44,"column":null}}]},"3":{"loc":{"start":{"line":42,"column":8},"end":{"line":42,"column":36}},"type":"binary-expr","locations":[{"start":{"line":42,"column":8},"end":{"line":42,"column":36}},{"start":{"line":42,"column":40},"end":{"line":42,"column":69}}]},"4":{"loc":{"start":{"line":48,"column":12},"end":{"line":48,"column":23}},"type":"binary-expr","locations":[{"start":{"line":48,"column":12},"end":{"line":48,"column":23}},{"start":{"line":48,"column":27},"end":{"line":48,"column":28}}]},"5":{"loc":{"start":{"line":49,"column":12},"end":{"line":49,"column":23}},"type":"binary-expr","locations":[{"start":{"line":49,"column":12},"end":{"line":49,"column":23}},{"start":{"line":49,"column":27},"end":{"line":49,"column":28}}]},"6":{"loc":{"start":{"line":50,"column":20},"end":{"line":50,"column":34}},"type":"binary-expr","locations":[{"start":{"line":50,"column":20},"end":{"line":50,"column":34}},{"start":{"line":50,"column":38},"end":{"line":50,"column":39}}]},"7":{"loc":{"start":{"line":51,"column":20},"end":{"line":51,"column":35}},"type":"binary-expr","locations":[{"start":{"line":51,"column":20},"end":{"line":51,"column":35}},{"start":{"line":51,"column":39},"end":{"line":51,"column":40}}]},"8":{"loc":{"start":{"line":57,"column":10},"end":{"line":63,"column":null}},"type":"cond-expr","locations":[{"start":{"line":57,"column":10},"end":{"line":63,"column":null}},{"start":{"line":66,"column":10},"end":{"line":67,"column":null}}]}},"s":{"0":0,"1":0,"2":0,"3":0,"4":0,"5":0,"6":0,"7":0,"8":0,"9":0,"10":0,"11":0,"12":0,"13":0,"14":0,"15":0,"16":0,"17":0,"18":0,"19":0,"20":0},"f":{"0":0},"b":{"0":[0,0],"1":[0,0],"2":[0,0],"3":[0,0],"4":[0,0],"5":[0,0],"6":[0,0],"7":[0,0],"8":[0,0]}}
,"/home/bob/code/dagre-reactjs/packages/dagre-reactjs/src/Node.tsx": {"path":"/home/bob/code/dagre-reactjs/packages/dagre-reactjs/src/Node.tsx","statementMap":{"0":{"start":{"line":1,"column":0},"end":{"line":1,"column":31}},"1":{"start":{"line":4,"column":0},"end":{"line":4,"column":32}},"2":{"start":{"line":25,"column":34},"end":{"line":139,"column":1}},"3":{"start":{"line":26,"column":6},"end":{"line":26,"column":null}},"4":{"start":{"line":27,"column":12},"end":{"line":27,"column":null}},"5":{"start":{"line":28,"column":12},"end":{"line":28,"column":null}},"6":{"start":{"line":29,"column":13},"end":{"line":29,"column":null}},"7":{"start":{"line":30,"column":6},"end":{"line":30,"column":null}},"8":{"start":{"line":31,"column":10},"end":{"line":31,"column":null}},"9":{"start":{"line":33,"column":20},"end":{"line":33,"column":51}},"10":{"start":{"line":34,"column":19},"end":{"line":34,"column":42}},"11":{"start":{"line":35,"column":19},"end":{"line":35,"column":50}},"12":{"start":{"line":37,"column":20},"end":{"line":43,"column":null}},"13":{"start":{"line":46,"column":31},"end":{"line":49,"column":4}},"14":{"start":{"line":50,"column":18},"end":{"line":55,"column":4}},"15":{"start":{"line":56,"column":2},"end":{"line":75,"column":null}},"16":{"start":{"line":63,"column":4},"end":{"line":65,"column":null}},"17":{"start":{"line":64,"column":6},"end":{"line":64,"column":49}},"18":{"start":{"line":66,"column":4},"end":{"line":68,"column":null}},"19":{"start":{"line":67,"column":6},"end":{"line":67,"column":50}},"20":{"start":{"line":69,"column":4},"end":{"line":71,"column":null}},"21":{"start":{"line":70,"column":6},"end":{"line":70,"column":49}},"22":{"start":{"line":72,"column":4},"end":{"line":74,"column":null}},"23":{"start":{"line":73,"column":6},"end":{"line":73,"column":52}},"24":{"start":{"line":77,"column":20},"end":{"line":83,"column":null}},"25":{"start":{"line":85,"column":2},"end":{"line":92,"column":4}},"26":{"start":{"line":95,"column":2},"end":{"line":95,"column":66}},"27":{"start":{"line":97,"column":12},"end":{"line":97,"column":23}},"28":{"start":{"line":98,"column":12},"end":{"line":98,"column":23}},"29":{"start":{"line":100,"column":22},"end":{"line":100,"column":34}},"30":{"start":{"line":101,"column":21},"end":{"line":101,"column":32}},"31":{"start":{"line":103,"column":22},"end":{"line":107,"column":7}},"32":{"start":{"line":108,"column":22},"end":{"line":112,"column":7}},"33":{"start":{"line":114,"column":2},"end":{"line":138,"column":4}},"34":{"start":{"line":141,"column":0},"end":{"line":141,"column":20}}},"fnMap":{"0":{"name":"(anonymous_0)","decl":{"start":{"line":25,"column":34},"end":{"line":25,"column":35}},"loc":{"start":{"line":32,"column":1},"end":{"line":139,"column":1}}}},"branchMap":{"0":{"loc":{"start":{"line":50,"column":18},"end":{"line":50,"column":42}},"type":"binary-expr","locations":[{"start":{"line":50,"column":18},"end":{"line":50,"column":42}},{"start":{"line":50,"column":46},"end":{"line":55,"column":4}}]},"1":{"loc":{"start":{"line":56,"column":2},"end":{"line":75,"column":null}},"type":"if","locations":[{"start":{"line":56,"column":2},"end":{"line":75,"column":null}},{"start":{"line":56,"column":2},"end":{"line":75,"column":null}}]},"2":{"loc":{"start":{"line":57,"column":4},"end":{"line":57,"column":15}},"type":"binary-expr","locations":[{"start":{"line":57,"column":4},"end":{"line":57,"column":15}},{"start":{"line":58,"column":5},"end":{"line":58,"column":15}},{"start":{"line":59,"column":6},"end":{"line":59,"column":23}},{"start":{"line":60,"column":6},"end":{"line":60,"column":25}},{"start":{"line":61,"column":6},"end":{"line":61,"column":26}}]},"3":{"loc":{"start":{"line":63,"column":4},"end":{"line":65,"column":null}},"type":"if","locations":[{"start":{"line":63,"column":4},"end":{"line":65,"column":null}},{"start":{"line":63,"column":4},"end":{"line":65,"column":null}}]},"4":{"loc":{"start":{"line":63,"column":8},"end":{"line":63,"column":15}},"type":"binary-expr","locations":[{"start":{"line":63,"column":8},"end":{"line":63,"column":15}},{"start":{"line":63,"column":19},"end":{"line":63,"column":31}}]},"5":{"loc":{"start":{"line":66,"column":4},"end":{"line":68,"column":null}},"type":"if","locations":[{"start":{"line":66,"column":4},"end":{"line":68,"column":null}},{"start":{"line":66,"column":4},"end":{"line":68,"column":null}}]},"6":{"loc":{"start":{"line":66,"column":8},"end":{"line":66,"column":15}},"type":"binary-expr","locations":[{"start":{"line":66,"column":8},"end":{"line":66,"column":15}},{"start":{"line":66,"column":19},"end":{"line":66,"column":32}}]},"7":{"loc":{"start":{"line":69,"column":4},"end":{"line":71,"column":null}},"type":"if","locations":[{"start":{"line":69,"column":4},"end":{"line":71,"column":null}},{"start":{"line":69,"column":4},"end":{"line":71,"column":null}}]},"8":{"loc":{"start":{"line":69,"column":8},"end":{"line":69,"column":15}},"type":"binary-expr","locations":[{"start":{"line":69,"column":8},"end":{"line":69,"column":15}},{"start":{"line":69,"column":19},"end":{"line":69,"column":30}}]},"9":{"loc":{"start":{"line":72,"column":4},"end":{"line":74,"column":null}},"type":"if","locations":[{"start":{"line":72,"column":4},"end":{"line":74,"column":null}},{"start":{"line":72,"column":4},"end":{"line":74,"column":null}}]},"10":{"loc":{"start":{"line":72,"column":8},"end":{"line":72,"column":15}},"type":"binary-expr","locations":[{"start":{"line":72,"column":8},"end":{"line":72,"column":15}},{"start":{"line":72,"column":19},"end":{"line":72,"column":33}}]},"11":{"loc":{"start":{"line":97,"column":12},"end":{"line":97,"column":18}},"type":"binary-expr","locations":[{"start":{"line":97,"column":12},"end":{"line":97,"column":18}},{"start":{"line":97,"column":22},"end":{"line":97,"column":23}}]},"12":{"loc":{"start":{"line":98,"column":12},"end":{"line":98,"column":18}},"type":"binary-expr","locations":[{"start":{"line":98,"column":12},"end":{"line":98,"column":18}},{"start":{"line":98,"column":22},"end":{"line":98,"column":23}}]},"13":{"loc":{"start":{"line":104,"column":6},"end":{"line":106,"column":9}},"type":"cond-expr","locations":[{"start":{"line":104,"column":6},"end":{"line":106,"column":9}},{"start":{"line":107,"column":6},"end":{"line":107,"column":7}}]},"14":{"loc":{"start":{"line":105,"column":8},"end":{"line":105,"column":52}},"type":"cond-expr","locations":[{"start":{"line":105,"column":8},"end":{"line":105,"column":52}},{"start":{"line":106,"column":8},"end":{"line":106,"column":9}}]},"15":{"loc":{"start":{"line":109,"column":6},"end":{"line":111,"column":9}},"type":"cond-expr","locations":[{"start":{"line":109,"column":6},"end":{"line":111,"column":9}},{"start":{"line":112,"column":6},"end":{"line":112,"column":7}}]},"16":{"loc":{"start":{"line":110,"column":8},"end":{"line":110,"column":52}},"type":"cond-expr","locations":[{"start":{"line":110,"column":8},"end":{"line":110,"column":52}},{"start":{"line":111,"column":8},"end":{"line":111,"column":9}}]},"17":{"loc":{"start":{"line":123,"column":10},"end":{"line":129,"column":null}},"type":"cond-expr","locations":[{"start":{"line":123,"column":10},"end":{"line":129,"column":null}},{"start":{"line":132,"column":10},"end":{"line":133,"column":null}}]}},"s":{"0":0,"1":0,"2":0,"3":0,"4":0,"5":0,"6":0,"7":0,"8":0,"9":0,"10":0,"11":0,"12":0,"13":0,"14":0,"15":0,"16":0,"17":0,"18":0,"19":0,"20":0,"21":0,"22":0,"23":0,"24":0,"25":0,"26":0,"27":0,"28":0,"29":0,"30":0,"31":0,"32":0,"33":0,"34":0},"f":{"0":0},"b":{"0":[0,0],"1":[0,0],"2":[0,0,0,0,0],"3":[0,0],"4":[0,0],"5":[0,0],"6":[0,0],"7":[0,0],"8":[0,0],"9":[0,0],"10":[0,0],"11":[0,0],"12":[0,0],"13":[0,0],"14":[0,0],"15":[0,0],"16":[0,0],"17":[0,0]}}
,"/home/bob/code/dagre-reactjs/packages/dagre-reactjs/src/config_defaults.ts": {"path":"/home/bob/code/dagre-reactjs/packages/dagre-reactjs/src/config_defaults.ts","statementMap":{"0":{"start":{"line":1,"column":13},"end":{"line":25,"column":2}},"1":{"start":{"line":27,"column":13},"end":{"line":48,"column":2}}},"fnMap":{},"branchMap":{},"s":{"0":0,"1":0},"f":{},"b":{}}
,"/home/bob/code/dagre-reactjs/packages/dagre-reactjs/src/graph.ts": {"path":"/home/bob/code/dagre-reactjs/packages/dagre-reactjs/src/graph.ts","statementMap":{"0":{"start":{"line":1,"column":0},"end":{"line":1,"column":47}},"1":{"start":{"line":2,"column":0},"end":{"line":2,"column":73}},"2":{"start":{"line":5,"column":0},"end":{"line":5,"column":13}},"3":{"start":{"line":12,"column":4},"end":{"line":12,"column":20}},"4":{"start":{"line":13,"column":4},"end":{"line":13,"column":20}},"5":{"start":{"line":14,"column":4},"end":{"line":14,"column":40}},"6":{"start":{"line":15,"column":4},"end":{"line":15,"column":23}},"7":{"start":{"line":18,"column":2},"end":{"line":20,"column":null}},"8":{"start":{"line":22,"column":2},"end":{"line":52,"column":null}},"9":{"start":{"line":28,"column":44},"end":{"line":28,"column":79}},"10":{"start":{"line":29,"column":44},"end":{"line":29,"column":79}},"11":{"start":{"line":31,"column":18},"end":{"line":32,"column":null}},"12":{"start":{"line":32,"column":6},"end":{"line":32,"column":null}},"13":{"start":{"line":34,"column":18},"end":{"line":35,"column":null}},"14":{"start":{"line":35,"column":6},"end":{"line":35,"column":null}},"15":{"start":{"line":38,"column":4},"end":{"line":43,"column":7}},"16":{"start":{"line":39,"column":6},"end":{"line":39,"column":29}},"17":{"start":{"line":40,"column":6},"end":{"line":40,"column":30}},"18":{"start":{"line":41,"column":6},"end":{"line":41,"column":17}},"19":{"start":{"line":42,"column":6},"end":{"line":42,"column":17}},"20":{"start":{"line":44,"column":4},"end":{"line":48,"column":7}},"21":{"start":{"line":45,"column":6},"end":{"line":45,"column":29}},"22":{"start":{"line":46,"column":6},"end":{"line":46,"column":30}},"23":{"start":{"line":47,"column":6},"end":{"line":47,"column":30}},"24":{"start":{"line":50,"column":4},"end":{"line":50,"column":23}},"25":{"start":{"line":51,"column":4},"end":{"line":51,"column":23}},"26":{"start":{"line":54,"column":2},"end":{"line":56,"column":null}},"27":{"start":{"line":55,"column":4},"end":{"line":55,"column":22}},"28":{"start":{"line":58,"column":2},"end":{"line":61,"column":null}},"29":{"start":{"line":59,"column":4},"end":{"line":59,"column":23}},"30":{"start":{"line":60,"column":4},"end":{"line":60,"column":21}},"31":{"start":{"line":63,"column":2},"end":{"line":69,"column":null}},"32":{"start":{"line":64,"column":4},"end":{"line":67,"column":null}},"33":{"start":{"line":65,"column":6},"end":{"line":65,"column":28}},"34":{"start":{"line":66,"column":6},"end":{"line":66,"column":18}},"35":{"start":{"line":68,"column":4},"end":{"line":68,"column":17}},"36":{"start":{"line":71,"column":2},"end":{"line":73,"column":null}},"37":{"start":{"line":72,"column":4},"end":{"line":72,"column":21}},"38":{"start":{"line":75,"column":2},"end":{"line":77,"column":null}},"39":{"start":{"line":76,"column":4},"end":{"line":76,"column":51}},"40":{"start":{"line":76,"column":35},"end":{"line":76,"column":50}},"41":{"start":{"line":79,"column":2},"end":{"line":85,"column":null}},"42":{"start":{"line":80,"column":18},"end":{"line":80,"column":28}},"43":{"start":{"line":82,"column":17},"end":{"line":82,"column":29}},"44":{"start":{"line":83,"column":4},"end":{"line":83,"column":23}},"45":{"start":{"line":84,"column":4},"end":{"line":84,"column":25}},"46":{"start":{"line":87,"column":2},"end":{"line":93,"column":null}},"47":{"start":{"line":88,"column":18},"end":{"line":88,"column":28}},"48":{"start":{"line":90,"column":17},"end":{"line":90,"column":29}},"49":{"start":{"line":91,"column":4},"end":{"line":91,"column":23}},"50":{"start":{"line":92,"column":4},"end":{"line":92,"column":25}},"51":{"start":{"line":95,"column":2},"end":{"line":111,"column":null}},"52":{"start":{"line":96,"column":18},"end":{"line":96,"column":28}},"53":{"start":{"line":97,"column":18},"end":{"line":97,"column":28}},"54":{"start":{"line":99,"column":25},"end":{"line":100,"column":null}},"55":{"start":{"line":100,"column":14},"end":{"line":100,"column":null}},"56":{"start":{"line":102,"column":25},"end":{"line":103,"column":null}},"57":{"start":{"line":103,"column":14},"end":{"line":103,"column":null}},"58":{"start":{"line":110,"column":4},"end":{"line":110,"column":42}},"59":{"start":{"line":112,"column":0},"end":{"line":112,"column":null}},"60":{"start":{"line":5,"column":13},"end":{"line":5,"column":18}}},"fnMap":{"0":{"name":"(anonymous_0)","decl":{"start":{"line":5,"column":0},"end":{"line":5,"column":13}},"loc":{"start":{"line":5,"column":0},"end":{"line":112,"column":null}}},"1":{"name":"Graph","decl":{"start":{"line":11,"column":2},"end":{"line":11,"column":null}},"loc":{"start":{"line":11,"column":2},"end":{"line":16,"column":3}}},"2":{"name":"(anonymous_2)","decl":{"start":{"line":18,"column":2},"end":{"line":18,"column":22}},"loc":{"start":{"line":18,"column":54},"end":{"line":20,"column":3}}},"3":{"name":"(anonymous_3)","decl":{"start":{"line":22,"column":2},"end":{"line":22,"column":14}},"loc":{"start":{"line":26,"column":56},"end":{"line":52,"column":3}}},"4":{"name":"(anonymous_4)","decl":{"start":{"line":31,"column":34},"end":{"line":31,"column":38}},"loc":{"start":{"line":31,"column":38},"end":{"line":32,"column":18}}},"5":{"name":"(anonymous_5)","decl":{"start":{"line":34,"column":34},"end":{"line":34,"column":38}},"loc":{"start":{"line":34,"column":38},"end":{"line":35,"column":18}}},"6":{"name":"(anonymous_6)","decl":{"start":{"line":38,"column":18},"end":{"line":38,"column":22}},"loc":{"start":{"line":38,"column":22},"end":{"line":43,"column":5}}},"7":{"name":"(anonymous_7)","decl":{"start":{"line":44,"column":18},"end":{"line":44,"column":22}},"loc":{"start":{"line":44,"column":22},"end":{"line":48,"column":5}}},"8":{"name":"(anonymous_8)","decl":{"start":{"line":54,"column":2},"end":{"line":54,"column":16}},"loc":{"start":{"line":54,"column":2},"end":{"line":56,"column":3}}},"9":{"name":"(anonymous_9)","decl":{"start":{"line":58,"column":2},"end":{"line":58,"column":8}},"loc":{"start":{"line":58,"column":2},"end":{"line":61,"column":3}}},"10":{"name":"(anonymous_10)","decl":{"start":{"line":63,"column":2},"end":{"line":63,"column":15}},"loc":{"start":{"line":63,"column":2},"end":{"line":69,"column":3}}},"11":{"name":"(anonymous_11)","decl":{"start":{"line":71,"column":2},"end":{"line":71,"column":11}},"loc":{"start":{"line":71,"column":2},"end":{"line":73,"column":3}}},"12":{"name":"(anonymous_12)","decl":{"start":{"line":75,"column":2},"end":{"line":75,"column":15}},"loc":{"start":{"line":75,"column":26},"end":{"line":77,"column":3}}},"13":{"name":"(anonymous_13)","decl":{"start":{"line":76,"column":27},"end":{"line":76,"column":31}},"loc":{"start":{"line":76,"column":31},"end":{"line":76,"column":39}}},"14":{"name":"(anonymous_14)","decl":{"start":{"line":79,"column":2},"end":{"line":79,"column":18}},"loc":{"start":{"line":79,"column":63},"end":{"line":85,"column":3}}},"15":{"name":"(anonymous_15)","decl":{"start":{"line":87,"column":2},"end":{"line":87,"column":13}},"loc":{"start":{"line":87,"column":58},"end":{"line":93,"column":3}}},"16":{"name":"(anonymous_16)","decl":{"start":{"line":95,"column":2},"end":{"line":95,"column":15}},"loc":{"start":{"line":95,"column":2},"end":{"line":111,"column":3}}},"17":{"name":"(anonymous_17)","decl":{"start":{"line":100,"column":6},"end":{"line":100,"column":10}},"loc":{"start":{"line":100,"column":10},"end":{"line":100,"column":15}}},"18":{"name":"(anonymous_18)","decl":{"start":{"line":103,"column":6},"end":{"line":103,"column":10}},"loc":{"start":{"line":103,"column":10},"end":{"line":103,"column":15}}}},"branchMap":{"0":{"loc":{"start":{"line":64,"column":4},"end":{"line":67,"column":null}},"type":"if","locations":[{"start":{"line":64,"column":4},"end":{"line":67,"column":null}},{"start":{"line":64,"column":4},"end":{"line":67,"column":null}}]},"1":{"loc":{"start":{"line":100,"column":16},"end":{"line":100,"column":40}},"type":"binary-expr","locations":[{"start":{"line":100,"column":16},"end":{"line":100,"column":40}},{"start":{"line":100,"column":44},"end":{"line":100,"column":69}}]},"2":{"loc":{"start":{"line":103,"column":16},"end":{"line":103,"column":40}},"type":"binary-expr","locations":[{"start":{"line":103,"column":16},"end":{"line":103,"column":40}},{"start":{"line":103,"column":44},"end":{"line":103,"column":69}}]},"3":{"loc":{"start":{"line":110,"column":11},"end":{"line":110,"column":24}},"type":"binary-expr","locations":[{"start":{"line":110,"column":11},"end":{"line":110,"column":24}},{"start":{"line":110,"column":28},"end":{"line":110,"column":41}}]}},"s":{"0":0,"1":0,"2":0,"3":0,"4":0,"5":0,"6":0,"7":0,"8":0,"9":0,"10":0,"11":0,"12":0,"13":0,"14":0,"15":0,"16":0,"17":0,"18":0,"19":0,"20":0,"21":0,"22":0,"23":0,"24":0,"25":0,"26":0,"27":0,"28":0,"29":0,"30":0,"31":0,"32":0,"33":0,"34":0,"35":0,"36":0,"37":0,"38":0,"39":0,"40":0,"41":0,"42":0,"43":0,"44":0,"45":0,"46":0,"47":0,"48":0,"49":0,"50":0,"51":0,"52":0,"53":0,"54":0,"55":0,"56":0,"57":0,"58":0,"59":0,"60":0},"f":{"0":0,"1":0,"2":0,"3":0,"4":0,"5":0,"6":0,"7":0,"8":0,"9":0,"10":0,"11":0,"12":0,"13":0,"14":0,"15":0,"16":0,"17":0,"18":0},"b":{"0":[0,0],"1":[0,0],"2":[0,0],"3":[0,0]}}
,"/home/bob/code/dagre-reactjs/packages/dagre-reactjs/src/index.tsx": {"path":"/home/bob/code/dagre-reactjs/packages/dagre-reactjs/src/index.tsx","statementMap":{"0":{"start":{"line":1,"column":0},"end":{"line":1,"column":9}},"1":{"start":{"line":1,"column":9},"end":{"line":1,"column":30}},"2":{"start":{"line":2,"column":0},"end":{"line":2,"column":9}},"3":{"start":{"line":2,"column":9},"end":{"line":2,"column":28}},"4":{"start":{"line":3,"column":0},"end":{"line":3,"column":9}},"5":{"start":{"line":3,"column":9},"end":{"line":3,"column":45}},"6":{"start":{"line":4,"column":0},"end":{"line":4,"column":9}},"7":{"start":{"line":4,"column":9},"end":{"line":4,"column":42}},"8":{"start":{"line":5,"column":0},"end":{"line":5,"column":9}},"9":{"start":{"line":5,"column":9},"end":{"line":5,"column":24}},"10":{"start":{"line":6,"column":0},"end":{"line":6,"column":9}},"11":{"start":{"line":6,"column":9},"end":{"line":6,"column":24}},"12":{"start":{"line":7,"column":0},"end":{"line":7,"column":9}},"13":{"start":{"line":7,"column":9},"end":{"line":7,"column":32}},"14":{"start":{"line":8,"column":0},"end":{"line":8,"column":9}},"15":{"start":{"line":8,"column":9},"end":{"line":8,"column":29}},"16":{"start":{"line":9,"column":0},"end":{"line":9,"column":9}},"17":{"start":{"line":9,"column":9},"end":{"line":9,"column":37}},"18":{"start":{"line":10,"column":0},"end":{"line":10,"column":9}},"19":{"start":{"line":10,"column":9},"end":{"line":10,"column":30}},"20":{"start":{"line":11,"column":0},"end":{"line":11,"column":24}}},"fnMap":{"0":{"name":"(anonymous_0)","decl":{"start":{"line":1,"column":9},"end":{"line":1,"column":16}},"loc":{"start":{"line":1,"column":9},"end":{"line":1,"column":30}}},"1":{"name":"(anonymous_1)","decl":{"start":{"line":2,"column":9},"end":{"line":2,"column":16}},"loc":{"start":{"line":2,"column":9},"end":{"line":2,"column":28}}},"2":{"name":"(anonymous_2)","decl":{"start":{"line":3,"column":9},"end":{"line":3,"column":20}},"loc":{"start":{"line":3,"column":9},"end":{"line":3,"column":45}}},"3":{"name":"(anonymous_3)","decl":{"start":{"line":4,"column":9},"end":{"line":4,"column":19}},"loc":{"start":{"line":4,"column":9},"end":{"line":4,"column":42}}},"4":{"name":"(anonymous_4)","decl":{"start":{"line":5,"column":9},"end":{"line":5,"column":16}},"loc":{"start":{"line":5,"column":9},"end":{"line":5,"column":24}}},"5":{"name":"(anonymous_5)","decl":{"start":{"line":6,"column":9},"end":{"line":6,"column":16}},"loc":{"start":{"line":6,"column":9},"end":{"line":6,"column":24}}},"6":{"name":"(anonymous_6)","decl":{"start":{"line":7,"column":9},"end":{"line":7,"column":14}},"loc":{"start":{"line":7,"column":9},"end":{"line":7,"column":32}}},"7":{"name":"(anonymous_7)","decl":{"start":{"line":8,"column":9},"end":{"line":8,"column":16}},"loc":{"start":{"line":8,"column":9},"end":{"line":8,"column":29}}},"8":{"name":"(anonymous_8)","decl":{"start":{"line":9,"column":9},"end":{"line":9,"column":13}},"loc":{"start":{"line":9,"column":9},"end":{"line":9,"column":37}}},"9":{"name":"(anonymous_9)","decl":{"start":{"line":10,"column":9},"end":{"line":10,"column":13}},"loc":{"start":{"line":10,"column":9},"end":{"line":10,"column":30}}}},"branchMap":{},"s":{"0":0,"1":0,"2":0,"3":0,"4":0,"5":0,"6":0,"7":0,"8":0,"9":0,"10":0,"11":0,"12":0,"13":0,"14":0,"15":0,"16":0,"17":0,"18":0,"19":0,"20":0},"f":{"0":0,"1":0,"2":0,"3":0,"4":0,"5":0,"6":0,"7":0,"8":0,"9":0},"b":{}}
,"/home/bob/code/dagre-reactjs/packages/dagre-reactjs/src/layout-dagre.ts": {"path":"/home/bob/code/dagre-reactjs/packages/dagre-reactjs/src/layout-dagre.ts","statementMap":{"0":{"start":{"line":1,"column":0},"end":{"line":1,"column":68}},"1":{"start":{"line":2,"column":0},"end":{"line":2,"column":42}},"2":{"start":{"line":5,"column":0},"end":{"line":5,"column":null}},"3":{"start":{"line":5,"column":33},"end":{"line":5,"column":39}},"4":{"start":{"line":9,"column":4},"end":{"line":9,"column":null}},"5":{"start":{"line":10,"column":4},"end":{"line":10,"column":32}},"6":{"start":{"line":11,"column":4},"end":{"line":11,"column":38}},"7":{"start":{"line":13,"column":4},"end":{"line":13,"column":28}},"8":{"start":{"line":14,"column":4},"end":{"line":16,"column":7}},"9":{"start":{"line":15,"column":6},"end":{"line":15,"column":16}},"10":{"start":{"line":19,"column":2},"end":{"line":24,"column":null}},"11":{"start":{"line":20,"column":23},"end":{"line":20,"column":41}},"12":{"start":{"line":22,"column":17},"end":{"line":22,"column":51}},"13":{"start":{"line":23,"column":4},"end":{"line":23,"column":30}},"14":{"start":{"line":26,"column":2},"end":{"line":43,"column":null}},"15":{"start":{"line":26,"column":2},"end":{"line":26,"column":14}},"16":{"start":{"line":32,"column":4},"end":{"line":32,"column":87}},"17":{"start":{"line":34,"column":4},"end":{"line":34,"column":62}},"18":{"start":{"line":34,"column":36},"end":{"line":34,"column":61}},"19":{"start":{"line":35,"column":4},"end":{"line":35,"column":69}},"20":{"start":{"line":35,"column":36},"end":{"line":35,"column":68}},"21":{"start":{"line":37,"column":4},"end":{"line":39,"column":7}},"22":{"start":{"line":38,"column":6},"end":{"line":38,"column":40}},"23":{"start":{"line":40,"column":4},"end":{"line":42,"column":7}},"24":{"start":{"line":41,"column":6},"end":{"line":41,"column":51}},"25":{"start":{"line":45,"column":2},"end":{"line":53,"column":null}},"26":{"start":{"line":46,"column":4},"end":{"line":46,"column":28}},"27":{"start":{"line":47,"column":4},"end":{"line":50,"column":6}},"28":{"start":{"line":51,"column":4},"end":{"line":51,"column":23}},"29":{"start":{"line":52,"column":4},"end":{"line":52,"column":21}},"30":{"start":{"line":54,"column":0},"end":{"line":54,"column":null}},"31":{"start":{"line":5,"column":13},"end":{"line":5,"column":24}}},"fnMap":{"0":{"name":"(anonymous_0)","decl":{"start":{"line":5,"column":0},"end":{"line":5,"column":13}},"loc":{"start":{"line":5,"column":0},"end":{"line":54,"column":null}}},"1":{"name":"LayoutDagre","decl":{"start":{"line":8,"column":2},"end":{"line":8,"column":null}},"loc":{"start":{"line":8,"column":2},"end":{"line":17,"column":3}}},"2":{"name":"(anonymous_2)","decl":{"start":{"line":14,"column":35},"end":{"line":14,"column":null}},"loc":{"start":{"line":14,"column":35},"end":{"line":16,"column":5}}},"3":{"name":"(anonymous_3)","decl":{"start":{"line":19,"column":2},"end":{"line":19,"column":22}},"loc":{"start":{"line":19,"column":51},"end":{"line":24,"column":3}}},"4":{"name":"(anonymous_4)","decl":{"start":{"line":26,"column":2},"end":{"line":26,"column":14}},"loc":{"start":{"line":30,"column":56},"end":{"line":43,"column":3}}},"5":{"name":"(anonymous_5)","decl":{"start":{"line":34,"column":31},"end":{"line":34,"column":32}},"loc":{"start":{"line":34,"column":32},"end":{"line":34,"column":40}}},"6":{"name":"(anonymous_6)","decl":{"start":{"line":35,"column":31},"end":{"line":35,"column":32}},"loc":{"start":{"line":35,"column":32},"end":{"line":35,"column":40}}},"7":{"name":"(anonymous_7)","decl":{"start":{"line":37,"column":23},"end":{"line":37,"column":27}},"loc":{"start":{"line":37,"column":27},"end":{"line":39,"column":5}}},"8":{"name":"(anonymous_8)","decl":{"start":{"line":40,"column":23},"end":{"line":40,"column":27}},"loc":{"start":{"line":40,"column":27},"end":{"line":42,"column":5}}},"9":{"name":"(anonymous_9)","decl":{"start":{"line":45,"column":2},"end":{"line":45,"column":8}},"loc":{"start":{"line":45,"column":2},"end":{"line":53,"column":3}}}},"branchMap":{"0":{"loc":{"start":{"line":9,"column":4},"end":{"line":9,"column":11}},"type":"binary-expr","locations":[{"start":{"line":9,"column":4},"end":{"line":9,"column":11}},{"start":{"line":9,"column":11},"end":{"line":9,"column":null}}]}},"s":{"0":0,"1":0,"2":0,"3":0,"4":0,"5":0,"6":0,"7":0,"8":0,"9":0,"10":0,"11":0,"12":0,"13":0,"14":0,"15":0,"16":0,"17":0,"18":0,"19":0,"20":0,"21":0,"22":0,"23":0,"24":0,"25":0,"26":0,"27":0,"28":0,"29":0,"30":0,"31":0},"f":{"0":0,"1":0,"2":0,"3":0,"4":0,"5":0,"6":0,"7":0,"8":0,"9":0},"b":{"0":[0,0]}}
,"/home/bob/code/dagre-reactjs/packages/dagre-reactjs/src/types.ts": {"path":"/home/bob/code/dagre-reactjs/packages/dagre-reactjs/src/types.ts","statementMap":{"0":{"start":{"line":79,"column":0},"end":{"line":79,"column":null}},"1":{"start":{"line":80,"column":2},"end":{"line":80,"column":null}},"2":{"start":{"line":81,"column":2},"end":{"line":81,"column":null}}},"fnMap":{"0":{"name":"(anonymous_0)","decl":{"start":{"line":79,"column":0},"end":{"line":79,"column":12}},"loc":{"start":{"line":79,"column":22},"end":{"line":82,"column":1}}}},"branchMap":{"0":{"loc":{"start":{"line":79,"column":12},"end":{"line":79,"column":22}},"type":"binary-expr","locations":[{"start":{"line":79,"column":12},"end":{"line":79,"column":22}},{"start":{"line":79,"column":12},"end":{"line":79,"column":null}}]}},"s":{"0":0,"1":0,"2":0},"f":{"0":0},"b":{"0":[0,0]}}
,"/home/bob/code/dagre-reactjs/packages/dagre-reactjs/src/useSize.ts": {"path":"/home/bob/code/dagre-reactjs/packages/dagre-reactjs/src/useSize.ts","statementMap":{"0":{"start":{"line":2,"column":0},"end":{"line":2,"column":60}},"1":{"start":{"line":19,"column":24},"end":{"line":22,"column":4}},"2":{"start":{"line":19,"column":12},"end":{"line":19,"column":14}},"3":{"start":{"line":19,"column":20},"end":{"line":19,"column":24}},"4":{"start":{"line":24,"column":2},"end":{"line":65,"column":5}},"5":{"start":{"line":25,"column":4},"end":{"line":27,"column":null}},"6":{"start":{"line":26,"column":6},"end":{"line":26,"column":13}},"7":{"start":{"line":29,"column":16},"end":{"line":29,"column":17}},"8":{"start":{"line":30,"column":17},"end":{"line":30,"column":18}},"9":{"start":{"line":31,"column":4},"end":{"line":38,"column":null}},"10":{"start":{"line":32,"column":21},"end":{"line":32,"column":42}},"11":{"start":{"line":33,"column":6},"end":{"line":33,"column":27}},"12":{"start":{"line":34,"column":6},"end":{"line":34,"column":29}},"13":{"start":{"line":36,"column":6},"end":{"line":36,"column":38}},"14":{"start":{"line":37,"column":6},"end":{"line":37,"column":40}},"15":{"start":{"line":40,"column":4},"end":{"line":42,"column":null}},"16":{"start":{"line":41,"column":6},"end":{"line":41,"column":13}},"17":{"start":{"line":44,"column":4},"end":{"line":53,"column":null}},"18":{"start":{"line":50,"column":6},"end":{"line":52,"column":null}},"19":{"start":{"line":51,"column":8},"end":{"line":51,"column":34}},"20":{"start":{"line":55,"column":4},"end":{"line":55,"column":30}},"21":{"start":{"line":67,"column":2},"end":{"line":67,"column":13}},"22":{"start":{"line":70,"column":0},"end":{"line":70,"column":23}}},"fnMap":{"0":{"name":"useSize","decl":{"start":{"line":11,"column":9},"end":{"line":11,"column":16}},"loc":{"start":{"line":17,"column":22},"end":{"line":68,"column":1}}},"1":{"name":"(anonymous_1)","decl":{"start":{"line":24,"column":18},"end":{"line":24,"column":null}},"loc":{"start":{"line":24,"column":18},"end":{"line":56,"column":3}}}},"branchMap":{"0":{"loc":{"start":{"line":25,"column":4},"end":{"line":27,"column":null}},"type":"if","locations":[{"start":{"line":25,"column":4},"end":{"line":27,"column":null}},{"start":{"line":25,"column":4},"end":{"line":27,"column":null}}]},"1":{"loc":{"start":{"line":25,"column":8},"end":{"line":25,"column":12}},"type":"binary-expr","locations":[{"start":{"line":25,"column":8},"end":{"line":25,"column":12}},{"start":{"line":25,"column":16},"end":{"line":25,"column":28}}]},"2":{"loc":{"start":{"line":31,"column":4},"end":{"line":38,"column":null}},"type":"if","locations":[{"start":{"line":31,"column":4},"end":{"line":38,"column":null}},{"start":{"line":31,"column":4},"end":{"line":38,"column":null}}]},"3":{"loc":{"start":{"line":40,"column":4},"end":{"line":42,"column":null}},"type":"if","locations":[{"start":{"line":40,"column":4},"end":{"line":42,"column":null}},{"start":{"line":40,"column":4},"end":{"line":42,"column":null}}]},"4":{"loc":{"start":{"line":40,"column":8},"end":{"line":40,"column":19}},"type":"binary-expr","locations":[{"start":{"line":40,"column":8},"end":{"line":40,"column":19}},{"start":{"line":40,"column":23},"end":{"line":40,"column":35}}]},"5":{"loc":{"start":{"line":44,"column":4},"end":{"line":53,"column":null}},"type":"if","locations":[{"start":{"line":44,"column":4},"end":{"line":53,"column":null}},{"start":{"line":44,"column":4},"end":{"line":53,"column":null}}]},"6":{"loc":{"start":{"line":45,"column":6},"end":{"line":45,"column":16}},"type":"binary-expr","locations":[{"start":{"line":45,"column":6},"end":{"line":45,"column":16}},{"start":{"line":46,"column":6},"end":{"line":46,"column":17}},{"start":{"line":47,"column":6},"end":{"line":47,"column":23}},{"start":{"line":48,"column":6},"end":{"line":48,"column":27}}]},"7":{"loc":{"start":{"line":50,"column":6},"end":{"line":52,"column":null}},"type":"if","locations":[{"start":{"line":50,"column":6},"end":{"line":52,"column":null}},{"start":{"line":50,"column":6},"end":{"line":52,"column":null}}]},"8":{"loc":{"start":{"line":50,"column":10},"end":{"line":50,"column":15}},"type":"binary-expr","locations":[{"start":{"line":50,"column":10},"end":{"line":50,"column":15}},{"start":{"line":50,"column":19},"end":{"line":50,"column":39}},{"start":{"line":50,"column":43},"end":{"line":50,"column":65}}]},"9":{"loc":{"start":{"line":59,"column":11},"end":{"line":59,"column":21}},"type":"cond-expr","locations":[{"start":{"line":59,"column":11},"end":{"line":59,"column":21}},{"start":{"line":59,"column":24},"end":{"line":59,"column":33}}]},"10":{"loc":{"start":{"line":60,"column":11},"end":{"line":60,"column":22}},"type":"cond-expr","locations":[{"start":{"line":60,"column":11},"end":{"line":60,"column":22}},{"start":{"line":60,"column":25},"end":{"line":60,"column":34}}]},"11":{"loc":{"start":{"line":62,"column":18},"end":{"line":62,"column":36}},"type":"cond-expr","locations":[{"start":{"line":62,"column":18},"end":{"line":62,"column":36}},{"start":{"line":62,"column":39},"end":{"line":62,"column":48}}]},"12":{"loc":{"start":{"line":63,"column":18},"end":{"line":63,"column":35}},"type":"cond-expr","locations":[{"start":{"line":63,"column":18},"end":{"line":63,"column":35}},{"start":{"line":63,"column":38},"end":{"line":63,"column":47}}]}},"s":{"0":0,"1":0,"2":0,"3":0,"4":0,"5":0,"6":0,"7":0,"8":0,"9":0,"10":0,"11":0,"12":0,"13":0,"14":0,"15":0,"16":0,"17":0,"18":0,"19":0,"20":0,"21":0,"22":0},"f":{"0":0,"1":0},"b":{"0":[0,0],"1":[0,0],"2":[0,0],"3":[0,0],"4":[0,0],"5":[0,0],"6":[0,0,0,0],"7":[0,0],"8":[0,0,0],"9":[0,0],"10":[0,0],"11":[0,0],"12":[0,0]}}
,"/home/bob/code/dagre-reactjs/packages/dagre-reactjs/src/valuecache.ts": {"path":"/home/bob/code/dagre-reactjs/packages/dagre-reactjs/src/valuecache.ts","statementMap":{"0":{"start":{"line":1,"column":0},"end":{"line":1,"column":13}},"1":{"start":{"line":5,"column":4},"end":{"line":5,"column":28}},"2":{"start":{"line":8,"column":2},"end":{"line":10,"column":null}},"3":{"start":{"line":9,"column":4},"end":{"line":9,"column":32}},"4":{"start":{"line":12,"column":2},"end":{"line":14,"column":null}},"5":{"start":{"line":13,"column":4},"end":{"line":13,"column":32}},"6":{"start":{"line":15,"column":0},"end":{"line":15,"column":null}},"7":{"start":{"line":1,"column":13},"end":{"line":1,"column":23}}},"fnMap":{"0":{"name":"(anonymous_0)","decl":{"start":{"line":1,"column":0},"end":{"line":1,"column":13}},"loc":{"start":{"line":1,"column":0},"end":{"line":15,"column":null}}},"1":{"name":"ValueCache","decl":{"start":{"line":4,"column":2},"end":{"line":4,"column":null}},"loc":{"start":{"line":4,"column":2},"end":{"line":6,"column":3}}},"2":{"name":"(anonymous_2)","decl":{"start":{"line":8,"column":2},"end":{"line":8,"column":7}},"loc":{"start":{"line":8,"column":31},"end":{"line":10,"column":3}}},"3":{"name":"(anonymous_3)","decl":{"start":{"line":12,"column":2},"end":{"line":12,"column":7}},"loc":{"start":{"line":12,"column":19},"end":{"line":14,"column":3}}}},"branchMap":{},"s":{"0":0,"1":0,"2":0,"3":0,"4":0,"5":0,"6":0,"7":0},"f":{"0":0,"1":0,"2":0,"3":0},"b":{}}
,"/home/bob/code/dagre-reactjs/packages/dagre-reactjs/src/edgelabels/Text.tsx": {"path":"/home/bob/code/dagre-reactjs/packages/dagre-reactjs/src/edgelabels/Text.tsx","statementMap":{"0":{"start":{"line":1,"column":0},"end":{"line":1,"column":31}},"1":{"start":{"line":5,"column":13},"end":{"line":16,"column":2}},"2":{"start":{"line":5,"column":63},"end":{"line":5,"column":65}},"3":{"start":{"line":6,"column":2},"end":{"line":15,"column":4}}},"fnMap":{"0":{"name":"(anonymous_0)","decl":{"start":{"line":5,"column":52},"end":{"line":5,"column":53}},"loc":{"start":{"line":5,"column":65},"end":{"line":16,"column":1}}}},"branchMap":{"0":{"loc":{"start":{"line":9,"column":13},"end":{"line":9,"column":41}},"type":"binary-expr","locations":[{"start":{"line":9,"column":13},"end":{"line":9,"column":41}},{"start":{"line":9,"column":45},"end":{"line":9,"column":47}}]},"1":{"loc":{"start":{"line":12,"column":9},"end":{"line":12,"column":23}},"type":"binary-expr","locations":[{"start":{"line":12,"column":9},"end":{"line":12,"column":23}},{"start":{"line":12,"column":27},"end":{"line":12,"column":29}}]}},"s":{"0":2,"1":2,"2":4,"3":4},"f":{"0":4},"b":{"0":[4,4],"1":[4,1]}}
,"/home/bob/code/dagre-reactjs/packages/dagre-reactjs/src/edgelabels/index.ts": {"path":"/home/bob/code/dagre-reactjs/packages/dagre-reactjs/src/edgelabels/index.ts","statementMap":{"0":{"start":{"line":2,"column":0},"end":{"line":2,"column":30}},"1":{"start":{"line":4,"column":13},"end":{"line":9,"column":2}},"2":{"start":{"line":11,"column":13},"end":{"line":20,"column":2}},"3":{"start":{"line":15,"column":2},"end":{"line":17,"column":null}},"4":{"start":{"line":16,"column":4},"end":{"line":16,"column":28}},"5":{"start":{"line":19,"column":2},"end":{"line":19,"column":72}}},"fnMap":{"0":{"name":"(anonymous_0)","decl":{"start":{"line":11,"column":28},"end":{"line":11,"column":null}},"loc":{"start":{"line":13,"column":34},"end":{"line":20,"column":1}}}},"branchMap":{"0":{"loc":{"start":{"line":15,"column":2},"end":{"line":17,"column":null}},"type":"if","locations":[{"start":{"line":15,"column":2},"end":{"line":17,"column":null}},{"start":{"line":15,"column":2},"end":{"line":17,"column":null}}]}},"s":{"0":1,"1":1,"2":1,"3":3,"4":2,"5":1},"f":{"0":3},"b":{"0":[2,1]}}
,"/home/bob/code/dagre-reactjs/packages/dagre-reactjs/src/markers/NormalMarker.tsx": {"path":"/home/bob/code/dagre-reactjs/packages/dagre-reactjs/src/markers/NormalMarker.tsx","statementMap":{"0":{"start":{"line":1,"column":0},"end":{"line":1,"column":31}},"1":{"start":{"line":5,"column":13},"end":{"line":29,"column":2}},"2":{"start":{"line":5,"column":62},"end":{"line":5,"column":64}},"3":{"start":{"line":5,"column":72},"end":{"line":5,"column":74}},"4":{"start":{"line":6,"column":2},"end":{"line":28,"column":4}}},"fnMap":{"0":{"name":"(anonymous_0)","decl":{"start":{"line":5,"column":51},"end":{"line":5,"column":52}},"loc":{"start":{"line":5,"column":74},"end":{"line":29,"column":1}}}},"branchMap":{"0":{"loc":{"start":{"line":21,"column":10},"end":{"line":21,"column":39}},"type":"binary-expr","locations":[{"start":{"line":21,"column":10},"end":{"line":21,"column":39}},{"start":{"line":21,"column":43},"end":{"line":24,"column":null}}]}},"s":{"0":2,"1":2,"2":4,"3":4,"4":4},"f":{"0":4},"b":{"0":[4,3]}}
,"/home/bob/code/dagre-reactjs/packages/dagre-reactjs/src/markers/UndirectedMarker.tsx": {"path":"/home/bob/code/dagre-reactjs/packages/dagre-reactjs/src/markers/UndirectedMarker.tsx","statementMap":{"0":{"start":{"line":1,"column":0},"end":{"line":1,"column":31}},"1":{"start":{"line":5,"column":13},"end":{"line":32,"column":2}},"2":{"start":{"line":6,"column":10},"end":{"line":6,"column":null}},"3":{"start":{"line":7,"column":10},"end":{"line":7,"column":null}},"4":{"start":{"line":9,"column":2},"end":{"line":31,"column":4}}},"fnMap":{"0":{"name":"(anonymous_0)","decl":{"start":{"line":5,"column":55},"end":{"line":5,"column":56}},"loc":{"start":{"line":8,"column":1},"end":{"line":32,"column":1}}}},"branchMap":{"0":{"loc":{"start":{"line":24,"column":10},"end":{"line":24,"column":39}},"type":"binary-expr","locations":[{"start":{"line":24,"column":10},"end":{"line":24,"column":39}},{"start":{"line":24,"column":43},"end":{"line":27,"column":null}}]}},"s":{"0":2,"1":2,"2":4,"3":4,"4":4},"f":{"0":4},"b":{"0":[4,3]}}
,"/home/bob/code/dagre-reactjs/packages/dagre-reactjs/src/markers/VeeMarker.tsx": {"path":"/home/bob/code/dagre-reactjs/packages/dagre-reactjs/src/markers/VeeMarker.tsx","statementMap":{"0":{"start":{"line":1,"column":0},"end":{"line":1,"column":31}},"1":{"start":{"line":5,"column":13},"end":{"line":29,"column":2}},"2":{"start":{"line":5,"column":59},"end":{"line":5,"column":61}},"3":{"start":{"line":5,"column":69},"end":{"line":5,"column":71}},"4":{"start":{"line":6,"column":2},"end":{"line":28,"column":4}}},"fnMap":{"0":{"name":"(anonymous_0)","decl":{"start":{"line":5,"column":48},"end":{"line":5,"column":49}},"loc":{"start":{"line":5,"column":71},"end":{"line":29,"column":1}}}},"branchMap":{"0":{"loc":{"start":{"line":21,"column":10},"end":{"line":21,"column":39}},"type":"binary-expr","locations":[{"start":{"line":21,"column":10},"end":{"line":21,"column":39}},{"start":{"line":21,"column":43},"end":{"line":24,"column":null}}]}},"s":{"0":2,"1":2,"2":4,"3":4,"4":4},"f":{"0":4},"b":{"0":[4,3]}}
,"/home/bob/code/dagre-reactjs/packages/dagre-reactjs/src/markers/index.ts": {"path":"/home/bob/code/dagre-reactjs/packages/dagre-reactjs/src/markers/index.ts","statementMap":{"0":{"start":{"line":2,"column":0},"end":{"line":2,"column":46}},"1":{"start":{"line":3,"column":0},"end":{"line":3,"column":54}},"2":{"start":{"line":4,"column":0},"end":{"line":4,"column":40}},"3":{"start":{"line":6,"column":13},"end":{"line":10,"column":2}},"4":{"start":{"line":12,"column":13},"end":{"line":21,"column":2}},"5":{"start":{"line":16,"column":2},"end":{"line":18,"column":null}},"6":{"start":{"line":17,"column":4},"end":{"line":17,"column":34}},"7":{"start":{"line":20,"column":2},"end":{"line":20,"column":78}}},"fnMap":{"0":{"name":"(anonymous_0)","decl":{"start":{"line":12,"column":34},"end":{"line":12,"column":null}},"loc":{"start":{"line":14,"column":36},"end":{"line":21,"column":1}}}},"branchMap":{"0":{"loc":{"start":{"line":16,"column":2},"end":{"line":18,"column":null}},"type":"if","locations":[{"start":{"line":16,"column":2},"end":{"line":18,"column":null}},{"start":{"line":16,"column":2},"end":{"line":18,"column":null}}]}},"s":{"0":1,"1":1,"2":1,"3":1,"4":1,"5":4,"6":3,"7":1},"f":{"0":4},"b":{"0":[3,1]}}
,"/home/bob/code/dagre-reactjs/packages/dagre-reactjs/src/nodelabels/Text.tsx": {"path":"/home/bob/code/dagre-reactjs/packages/dagre-reactjs/src/nodelabels/Text.tsx","statementMap":{"0":{"start":{"line":1,"column":0},"end":{"line":1,"column":31}},"1":{"start":{"line":5,"column":13},"end":{"line":16,"column":2}},"2":{"start":{"line":5,"column":59},"end":{"line":5,"column":61}},"3":{"start":{"line":6,"column":2},"end":{"line":15,"column":4}}},"fnMap":{"0":{"name":"(anonymous_0)","decl":{"start":{"line":5,"column":52},"end":{"line":5,"column":53}},"loc":{"start":{"line":5,"column":61},"end":{"line":16,"column":1}}}},"branchMap":{"0":{"loc":{"start":{"line":9,"column":13},"end":{"line":9,"column":37}},"type":"binary-expr","locations":[{"start":{"line":9,"column":13},"end":{"line":9,"column":37}},{"start":{"line":9,"column":41},"end":{"line":9,"column":43}}]}},"s":{"0":2,"1":2,"2":4,"3":4},"f":{"0":4},"b":{"0":[4,4]}}
,"/home/bob/code/dagre-reactjs/packages/dagre-reactjs/src/nodelabels/index.ts": {"path":"/home/bob/code/dagre-reactjs/packages/dagre-reactjs/src/nodelabels/index.ts","statementMap":{"0":{"start":{"line":2,"column":0},"end":{"line":2,"column":30}},"1":{"start":{"line":4,"column":13},"end":{"line":9,"column":2}},"2":{"start":{"line":11,"column":13},"end":{"line":20,"column":2}},"3":{"start":{"line":15,"column":2},"end":{"line":17,"column":null}},"4":{"start":{"line":16,"column":4},"end":{"line":16,"column":28}},"5":{"start":{"line":19,"column":2},"end":{"line":19,"column":72}}},"fnMap":{"0":{"name":"(anonymous_0)","decl":{"start":{"line":11,"column":28},"end":{"line":11,"column":null}},"loc":{"start":{"line":13,"column":34},"end":{"line":20,"column":1}}}},"branchMap":{"0":{"loc":{"start":{"line":15,"column":2},"end":{"line":17,"column":null}},"type":"if","locations":[{"start":{"line":15,"column":2},"end":{"line":17,"column":null}},{"start":{"line":15,"column":2},"end":{"line":17,"column":null}}]}},"s":{"0":1,"1":1,"2":1,"3":3,"4":2,"5":1},"f":{"0":3},"b":{"0":[2,1]}}
,"/home/bob/code/dagre-reactjs/packages/dagre-reactjs/src/paths/index.ts": {"path":"/home/bob/code/dagre-reactjs/packages/dagre-reactjs/src/paths/index.ts","statementMap":{"0":{"start":{"line":2,"column":0},"end":{"line":2,"column":40}},"1":{"start":{"line":4,"column":13},"end":{"line":6,"column":2}},"2":{"start":{"line":8,"column":13},"end":{"line":17,"column":2}},"3":{"start":{"line":12,"column":2},"end":{"line":14,"column":null}},"4":{"start":{"line":13,"column":4},"end":{"line":13,"column":32}},"5":{"start":{"line":16,"column":2},"end":{"line":16,"column":76}}},"fnMap":{"0":{"name":"(anonymous_0)","decl":{"start":{"line":8,"column":32},"end":{"line":8,"column":null}},"loc":{"start":{"line":10,"column":36},"end":{"line":17,"column":1}}}},"branchMap":{"0":{"loc":{"start":{"line":12,"column":2},"end":{"line":14,"column":null}},"type":"if","locations":[{"start":{"line":12,"column":2},"end":{"line":14,"column":null}},{"start":{"line":12,"column":2},"end":{"line":14,"column":null}}]}},"s":{"0":1,"1":1,"2":1,"3":2,"4":1,"5":1},"f":{"0":2},"b":{"0":[1,1]}}
,"/home/bob/code/dagre-reactjs/packages/dagre-reactjs/src/paths/normal.ts": {"path":"/home/bob/code/dagre-reactjs/packages/dagre-reactjs/src/paths/normal.ts","statementMap":{"0":{"start":{"line":3,"column":13},"end":{"line":10,"column":2}},"1":{"start":{"line":4,"column":13},"end":{"line":4,"column":15}},"2":{"start":{"line":5,"column":2},"end":{"line":7,"column":null}},"3":{"start":{"line":5,"column":15},"end":{"line":5,"column":16}},"4":{"start":{"line":6,"column":4},"end":{"line":6,"column":74}},"5":{"start":{"line":9,"column":2},"end":{"line":9,"column":14}}},"fnMap":{"0":{"name":"(anonymous_0)","decl":{"start":{"line":3,"column":28},"end":{"line":3,"column":29}},"loc":{"start":{"line":3,"column":49},"end":{"line":10,"column":1}}}},"branchMap":{"0":{"loc":{"start":{"line":6,"column":29},"end":{"line":6,"column":32}},"type":"cond-expr","locations":[{"start":{"line":6,"column":29},"end":{"line":6,"column":32}},{"start":{"line":6,"column":35},"end":{"line":6,"column":38}}]}},"s":{"0":2,"1":1,"2":1,"3":1,"4":2,"5":1},"f":{"0":1},"b":{"0":[1,1]}}
,"/home/bob/code/dagre-reactjs/packages/dagre-reactjs/src/shapes/Circle.tsx": {"path":"/home/bob/code/dagre-reactjs/packages/dagre-reactjs/src/shapes/Circle.tsx","statementMap":{"0":{"start":{"line":1,"column":0},"end":{"line":1,"column":31}},"1":{"start":{"line":5,"column":13},"end":{"line":19,"column":2}},"2":{"start":{"line":5,"column":60},"end":{"line":5,"column":62}},"3":{"start":{"line":5,"column":71},"end":{"line":5,"column":73}},"4":{"start":{"line":6,"column":2},"end":{"line":8,"column":null}},"5":{"start":{"line":7,"column":4},"end":{"line":7,"column":16}},"6":{"start":{"line":9,"column":12},"end":{"line":9,"column":59}},"7":{"start":{"line":11,"column":2},"end":{"line":18,"column":4}}},"fnMap":{"0":{"name":"(anonymous_0)","decl":{"start":{"line":5,"column":53},"end":{"line":5,"column":54}},"loc":{"start":{"line":5,"column":73},"end":{"line":19,"column":1}}}},"branchMap":{"0":{"loc":{"start":{"line":6,"column":2},"end":{"line":8,"column":null}},"type":"if","locations":[{"start":{"line":6,"column":2},"end":{"line":8,"column":null}},{"start":{"line":6,"column":2},"end":{"line":8,"column":null}}]},"1":{"loc":{"start":{"line":6,"column":6},"end":{"line":6,"column":11}},"type":"binary-expr","locations":[{"start":{"line":6,"column":6},"end":{"line":6,"column":11}},{"start":{"line":6,"column":15},"end":{"line":6,"column":25}},{"start":{"line":6,"column":29},"end":{"line":6,"column":67}}]},"2":{"loc":{"start":{"line":6,"column":31},"end":{"line":6,"column":46}},"type":"binary-expr","locations":[{"start":{"line":6,"column":31},"end":{"line":6,"column":46}},{"start":{"line":6,"column":50},"end":{"line":6,"column":66}}]},"3":{"loc":{"start":{"line":13,"column":13},"end":{"line":13,"column":37}},"type":"binary-expr","locations":[{"start":{"line":13,"column":13},"end":{"line":13,"column":37}},{"start":{"line":13,"column":41},"end":{"line":13,"column":43}}]}},"s":{"0":1,"1":1,"2":3,"3":3,"4":3,"5":0,"6":3,"7":3},"f":{"0":3},"b":{"0":[0,3],"1":[3,3,3],"2":[3,3],"3":[3,0]}}
,"/home/bob/code/dagre-reactjs/packages/dagre-reactjs/src/shapes/Diamond.tsx": {"path":"/home/bob/code/dagre-reactjs/packages/dagre-reactjs/src/shapes/Diamond.tsx","statementMap":{"0":{"start":{"line":1,"column":0},"end":{"line":1,"column":31}},"1":{"start":{"line":5,"column":13},"end":{"line":17,"column":2}},"2":{"start":{"line":6,"column":16},"end":{"line":6,"column":45}},"3":{"start":{"line":7,"column":17},"end":{"line":7,"column":47}},"4":{"start":{"line":9,"column":17},"end":{"line":14,"column":4}},"5":{"start":{"line":16,"column":2},"end":{"line":16,"column":16}},"6":{"start":{"line":19,"column":13},"end":{"line":32,"column":2}},"7":{"start":{"line":19,"column":61},"end":{"line":19,"column":63}},"8":{"start":{"line":19,"column":72},"end":{"line":19,"column":74}},"9":{"start":{"line":20,"column":2},"end":{"line":22,"column":null}},"10":{"start":{"line":21,"column":4},"end":{"line":21,"column":16}},"11":{"start":{"line":24,"column":17},"end":{"line":24,"column":50}},"12":{"start":{"line":26,"column":2},"end":{"line":31,"column":4}},"13":{"start":{"line":29,"column":32},"end":{"line":29,"column":49}}},"fnMap":{"0":{"name":"(anonymous_0)","decl":{"start":{"line":5,"column":38},"end":{"line":5,"column":39}},"loc":{"start":{"line":5,"column":49},"end":{"line":17,"column":1}}},"1":{"name":"(anonymous_1)","decl":{"start":{"line":19,"column":54},"end":{"line":19,"column":55}},"loc":{"start":{"line":19,"column":74},"end":{"line":32,"column":1}}},"2":{"name":"(anonymous_2)","decl":{"start":{"line":29,"column":25},"end":{"line":29,"column":26}},"loc":{"start":{"line":29,"column":27},"end":{"line":29,"column":35}}}},"branchMap":{"0":{"loc":{"start":{"line":20,"column":2},"end":{"line":22,"column":null}},"type":"if","locations":[{"start":{"line":20,"column":2},"end":{"line":22,"column":null}},{"start":{"line":20,"column":2},"end":{"line":22,"column":null}}]},"1":{"loc":{"start":{"line":20,"column":6},"end":{"line":20,"column":11}},"type":"binary-expr","locations":[{"start":{"line":20,"column":6},"end":{"line":20,"column":11}},{"start":{"line":20,"column":15},"end":{"line":20,"column":25}},{"start":{"line":20,"column":29},"end":{"line":20,"column":67}}]},"2":{"loc":{"start":{"line":20,"column":31},"end":{"line":20,"column":46}},"type":"binary-expr","locations":[{"start":{"line":20,"column":31},"end":{"line":20,"column":46}},{"start":{"line":20,"column":50},"end":{"line":20,"column":66}}]},"3":{"loc":{"start":{"line":28,"column":13},"end":{"line":28,"column":37}},"type":"binary-expr","locations":[{"start":{"line":28,"column":13},"end":{"line":28,"column":37}},{"start":{"line":28,"column":41},"end":{"line":28,"column":43}}]}},"s":{"0":1,"1":1,"2":2,"3":2,"4":2,"5":2,"6":1,"7":2,"8":2,"9":2,"10":0,"11":2,"12":2,"13":8},"f":{"0":2,"1":2,"2":8},"b":{"0":[0,2],"1":[2,2,2],"2":[2,2],"3":[2,0]}}
,"/home/bob/code/dagre-reactjs/packages/dagre-reactjs/src/shapes/Rect.tsx": {"path":"/home/bob/code/dagre-reactjs/packages/dagre-reactjs/src/shapes/Rect.tsx","statementMap":{"0":{"start":{"line":1,"column":0},"end":{"line":1,"column":31}},"1":{"start":{"line":5,"column":13},"end":{"line":26,"column":2}},"2":{"start":{"line":5,"column":58},"end":{"line":5,"column":60}},"3":{"start":{"line":5,"column":69},"end":{"line":5,"column":71}},"4":{"start":{"line":6,"column":2},"end":{"line":8,"column":null}},"5":{"start":{"line":7,"column":4},"end":{"line":7,"column":16}},"6":{"start":{"line":10,"column":20},"end":{"line":10,"column":39}},"7":{"start":{"line":11,"column":21},"end":{"line":11,"column":41}},"8":{"start":{"line":13,"column":2},"end":{"line":25,"column":4}}},"fnMap":{"0":{"name":"(anonymous_0)","decl":{"start":{"line":5,"column":51},"end":{"line":5,"column":52}},"loc":{"start":{"line":5,"column":71},"end":{"line":26,"column":1}}}},"branchMap":{"0":{"loc":{"start":{"line":6,"column":2},"end":{"line":8,"column":null}},"type":"if","locations":[{"start":{"line":6,"column":2},"end":{"line":8,"column":null}},{"start":{"line":6,"column":2},"end":{"line":8,"column":null}}]},"1":{"loc":{"start":{"line":6,"column":6},"end":{"line":6,"column":11}},"type":"binary-expr","locations":[{"start":{"line":6,"column":6},"end":{"line":6,"column":11}},{"start":{"line":6,"column":15},"end":{"line":6,"column":25}},{"start":{"line":6,"column":29},"end":{"line":6,"column":67}}]},"2":{"loc":{"start":{"line":6,"column":31},"end":{"line":6,"column":46}},"type":"binary-expr","locations":[{"start":{"line":6,"column":31},"end":{"line":6,"column":46}},{"start":{"line":6,"column":50},"end":{"line":6,"column":66}}]},"3":{"loc":{"start":{"line":17,"column":13},"end":{"line":17,"column":37}},"type":"binary-expr","locations":[{"start":{"line":17,"column":13},"end":{"line":17,"column":37}},{"start":{"line":17,"column":41},"end":{"line":17,"column":43}}]},"4":{"loc":{"start":{"line":18,"column":10},"end":{"line":18,"column":40}},"type":"binary-expr","locations":[{"start":{"line":18,"column":10},"end":{"line":18,"column":40}},{"start":{"line":18,"column":44},"end":{"line":18,"column":45}}]},"5":{"loc":{"start":{"line":19,"column":10},"end":{"line":19,"column":40}},"type":"binary-expr","locations":[{"start":{"line":19,"column":10},"end":{"line":19,"column":40}},{"start":{"line":19,"column":44},"end":{"line":19,"column":45}}]}},"s":{"0":1,"1":1,"2":2,"3":2,"4":2,"5":0,"6":2,"7":2,"8":2},"f":{"0":2},"b":{"0":[0,2],"1":[2,2,2],"2":[2,2],"3":[2,0],"4":[2,0],"5":[2,0]}}
,"/home/bob/code/dagre-reactjs/packages/dagre-reactjs/src/shapes/shapes.ts": {"path":"/home/bob/code/dagre-reactjs/packages/dagre-reactjs/src/shapes/shapes.ts","statementMap":{"0":{"start":{"line":1,"column":0},"end":{"line":1,"column":30}},"1":{"start":{"line":2,"column":0},"end":{"line":2,"column":34}},"2":{"start":{"line":3,"column":0},"end":{"line":3,"column":50}},"3":{"start":{"line":4,"column":0},"end":{"line":4,"column":56}},"4":{"start":{"line":6,"column":0},"end":{"line":6,"column":36}},"5":{"start":{"line":7,"column":0},"end":{"line":7,"column":56}},"6":{"start":{"line":9,"column":13},"end":{"line":22,"column":2}},"7":{"start":{"line":24,"column":13},"end":{"line":33,"column":2}},"8":{"start":{"line":28,"column":2},"end":{"line":30,"column":null}},"9":{"start":{"line":29,"column":4},"end":{"line":29,"column":25}},"10":{"start":{"line":32,"column":2},"end":{"line":32,"column":68}}},"fnMap":{"0":{"name":"(anonymous_0)","decl":{"start":{"line":24,"column":34},"end":{"line":24,"column":null}},"loc":{"start":{"line":26,"column":26},"end":{"line":33,"column":1}}}},"branchMap":{"0":{"loc":{"start":{"line":28,"column":2},"end":{"line":30,"column":null}},"type":"if","locations":[{"start":{"line":28,"column":2},"end":{"line":30,"column":null}},{"start":{"line":28,"column":2},"end":{"line":30,"column":null}}]}},"s":{"0":0,"1":0,"2":0,"3":0,"4":0,"5":0,"6":0,"7":0,"8":0,"9":0,"10":0},"f":{"0":0},"b":{"0":[0,0]}}
,"/home/bob/code/dagre-reactjs/packages/dagre-reactjs/src/shapes/intersects/diamond.ts": {"path":"/home/bob/code/dagre-reactjs/packages/dagre-reactjs/src/shapes/intersects/diamond.ts","statementMap":{"0":{"start":{"line":8,"column":22},"end":{"line":63,"column":1}},"1":{"start":{"line":15,"column":13},"end":{"line":15,"column":24}},"2":{"start":{"line":16,"column":13},"end":{"line":16,"column":24}},"3":{"start":{"line":17,"column":13},"end":{"line":17,"column":38}},"4":{"start":{"line":20,"column":13},"end":{"line":20,"column":39}},"5":{"start":{"line":21,"column":13},"end":{"line":21,"column":39}},"6":{"start":{"line":25,"column":2},"end":{"line":27,"column":null}},"7":{"start":{"line":26,"column":4},"end":{"line":26,"column":30}},"8":{"start":{"line":30,"column":13},"end":{"line":30,"column":24}},"9":{"start":{"line":31,"column":13},"end":{"line":31,"column":24}},"10":{"start":{"line":32,"column":13},"end":{"line":32,"column":38}},"11":{"start":{"line":35,"column":13},"end":{"line":35,"column":39}},"12":{"start":{"line":36,"column":13},"end":{"line":36,"column":39}},"13":{"start":{"line":41,"column":2},"end":{"line":43,"column":null}},"14":{"start":{"line":42,"column":4},"end":{"line":42,"column":30}},"15":{"start":{"line":46,"column":16},"end":{"line":46,"column":33}},"16":{"start":{"line":47,"column":2},"end":{"line":49,"column":null}},"17":{"start":{"line":48,"column":4},"end":{"line":48,"column":25}},"18":{"start":{"line":51,"column":17},"end":{"line":51,"column":36}},"19":{"start":{"line":56,"column":2},"end":{"line":56,"column":26}},"20":{"start":{"line":57,"column":12},"end":{"line":57,"column":69}},"21":{"start":{"line":59,"column":2},"end":{"line":59,"column":26}},"22":{"start":{"line":60,"column":12},"end":{"line":60,"column":69}},"23":{"start":{"line":62,"column":2},"end":{"line":62,"column":24}},"24":{"start":{"line":65,"column":17},"end":{"line":67,"column":1}},"25":{"start":{"line":66,"column":2},"end":{"line":66,"column":21}},"26":{"start":{"line":69,"column":13},"end":{"line":138,"column":2}},"27":{"start":{"line":70,"column":2},"end":{"line":77,"column":null}},"28":{"start":{"line":76,"column":4},"end":{"line":76,"column":71}},"29":{"start":{"line":79,"column":16},"end":{"line":79,"column":30}},"30":{"start":{"line":80,"column":17},"end":{"line":80,"column":32}},"31":{"start":{"line":82,"column":21},"end":{"line":87,"column":4}},"32":{"start":{"line":89,"column":13},"end":{"line":89,"column":19}},"33":{"start":{"line":90,"column":13},"end":{"line":90,"column":19}},"34":{"start":{"line":92,"column":33},"end":{"line":92,"column":35}},"35":{"start":{"line":94,"column":13},"end":{"line":94,"column":37}},"36":{"start":{"line":95,"column":13},"end":{"line":95,"column":37}},"37":{"start":{"line":96,"column":2},"end":{"line":99,"column":5}},"38":{"start":{"line":97,"column":4},"end":{"line":97,"column":35}},"39":{"start":{"line":98,"column":4},"end":{"line":98,"column":35}},"40":{"start":{"line":101,"column":15},"end":{"line":101,"column":41}},"41":{"start":{"line":102,"column":14},"end":{"line":102,"column":41}},"42":{"start":{"line":104,"column":2},"end":{"line":116,"column":null}},"43":{"start":{"line":104,"column":15},"end":{"line":104,"column":16}},"44":{"start":{"line":105,"column":15},"end":{"line":105,"column":28}},"45":{"start":{"line":106,"column":15},"end":{"line":106,"column":64}},"46":{"start":{"line":107,"column":22},"end":{"line":111,"column":null}},"47":{"start":{"line":113,"column":4},"end":{"line":115,"column":null}},"48":{"start":{"line":114,"column":6},"end":{"line":114,"column":36}},"49":{"start":{"line":118,"column":2},"end":{"line":121,"column":null}},"50":{"start":{"line":119,"column":4},"end":{"line":119,"column":67}},"51":{"start":{"line":120,"column":4},"end":{"line":120,"column":36}},"52":{"start":{"line":123,"column":2},"end":{"line":136,"column":null}},"53":{"start":{"line":125,"column":4},"end":{"line":135,"column":7}},"54":{"start":{"line":126,"column":18},"end":{"line":126,"column":31}},"55":{"start":{"line":127,"column":18},"end":{"line":127,"column":31}},"56":{"start":{"line":128,"column":20},"end":{"line":128,"column":52}},"57":{"start":{"line":130,"column":18},"end":{"line":130,"column":31}},"58":{"start":{"line":131,"column":18},"end":{"line":131,"column":31}},"59":{"start":{"line":132,"column":20},"end":{"line":132,"column":52}},"60":{"start":{"line":134,"column":6},"end":{"line":134,"column":58}},"61":{"start":{"line":137,"column":2},"end":{"line":137,"column":26}}},"fnMap":{"0":{"name":"(anonymous_0)","decl":{"start":{"line":8,"column":22},"end":{"line":8,"column":23}},"loc":{"start":{"line":8,"column":65},"end":{"line":63,"column":1}}},"1":{"name":"(anonymous_1)","decl":{"start":{"line":65,"column":17},"end":{"line":65,"column":18}},"loc":{"start":{"line":65,"column":40},"end":{"line":67,"column":1}}},"2":{"name":"(anonymous_2)","decl":{"start":{"line":69,"column":32},"end":{"line":69,"column":33}},"loc":{"start":{"line":69,"column":64},"end":{"line":138,"column":1}}},"3":{"name":"(anonymous_3)","decl":{"start":{"line":96,"column":21},"end":{"line":96,"column":31}},"loc":{"start":{"line":96,"column":36},"end":{"line":99,"column":3}}},"4":{"name":"(anonymous_4)","decl":{"start":{"line":125,"column":23},"end":{"line":125,"column":24}},"loc":{"start":{"line":125,"column":42},"end":{"line":135,"column":5}}}},"branchMap":{"0":{"loc":{"start":{"line":25,"column":2},"end":{"line":27,"column":null}},"type":"if","locations":[{"start":{"line":25,"column":2},"end":{"line":27,"column":null}},{"start":{"line":25,"column":2},"end":{"line":27,"column":null}}]},"1":{"loc":{"start":{"line":25,"column":6},"end":{"line":25,"column":14}},"type":"binary-expr","locations":[{"start":{"line":25,"column":6},"end":{"line":25,"column":14}},{"start":{"line":25,"column":18},"end":{"line":25,"column":26}},{"start":{"line":25,"column":30},"end":{"line":25,"column":46}}]},"2":{"loc":{"start":{"line":41,"column":2},"end":{"line":43,"column":null}},"type":"if","locations":[{"start":{"line":41,"column":2},"end":{"line":43,"column":null}},{"start":{"line":41,"column":2},"end":{"line":43,"column":null}}]},"3":{"loc":{"start":{"line":41,"column":6},"end":{"line":41,"column":14}},"type":"binary-expr","locations":[{"start":{"line":41,"column":6},"end":{"line":41,"column":14}},{"start":{"line":41,"column":18},"end":{"line":41,"column":26}},{"start":{"line":41,"column":30},"end":{"line":41,"column":46}}]},"4":{"loc":{"start":{"line":47,"column":2},"end":{"line":49,"column":null}},"type":"if","locations":[{"start":{"line":47,"column":2},"end":{"line":49,"column":null}},{"start":{"line":47,"column":2},"end":{"line":49,"column":null}}]},"5":{"loc":{"start":{"line":57,"column":22},"end":{"line":57,"column":44}},"type":"cond-expr","locations":[{"start":{"line":57,"column":22},"end":{"line":57,"column":44}},{"start":{"line":57,"column":47},"end":{"line":57,"column":69}}]},"6":{"loc":{"start":{"line":60,"column":22},"end":{"line":60,"column":44}},"type":"cond-expr","locations":[{"start":{"line":60,"column":22},"end":{"line":60,"column":44}},{"start":{"line":60,"column":47},"end":{"line":60,"column":69}}]},"7":{"loc":{"start":{"line":70,"column":2},"end":{"line":77,"column":null}},"type":"if","locations":[{"start":{"line":70,"column":2},"end":{"line":77,"column":null}},{"start":{"line":70,"column":2},"end":{"line":77,"column":null}}]},"8":{"loc":{"start":{"line":71,"column":4},"end":{"line":71,"column":23}},"type":"binary-expr","locations":[{"start":{"line":71,"column":4},"end":{"line":71,"column":23}},{"start":{"line":72,"column":4},"end":{"line":72,"column":24}},{"start":{"line":73,"column":4},"end":{"line":73,"column":19}},{"start":{"line":74,"column":4},"end":{"line":74,"column":19}}]},"9":{"loc":{"start":{"line":106,"column":54},"end":{"line":106,"column":59}},"type":"cond-expr","locations":[{"start":{"line":106,"column":54},"end":{"line":106,"column":59}},{"start":{"line":106,"column":62},"end":{"line":106,"column":63}}]},"10":{"loc":{"start":{"line":113,"column":4},"end":{"line":115,"column":null}},"type":"if","locations":[{"start":{"line":113,"column":4},"end":{"line":115,"column":null}},{"start":{"line":113,"column":4},"end":{"line":115,"column":null}}]},"11":{"loc":{"start":{"line":118,"column":2},"end":{"line":121,"column":null}},"type":"if","locations":[{"start":{"line":118,"column":2},"end":{"line":121,"column":null}},{"start":{"line":118,"column":2},"end":{"line":121,"column":null}}]},"12":{"loc":{"start":{"line":123,"column":2},"end":{"line":136,"column":null}},"type":"if","locations":[{"start":{"line":123,"column":2},"end":{"line":136,"column":null}},{"start":{"line":123,"column":2},"end":{"line":136,"column":null}}]},"13":{"loc":{"start":{"line":134,"column":29},"end":{"line":134,"column":31}},"type":"cond-expr","locations":[{"start":{"line":134,"column":29},"end":{"line":134,"column":31}},{"start":{"line":134,"column":34},"end":{"line":134,"column":57}}]},"14":{"loc":{"start":{"line":134,"column":52},"end":{"line":134,"column":53}},"type":"cond-expr","locations":[{"start":{"line":134,"column":52},"end":{"line":134,"column":53}},{"start":{"line":134,"column":56},"end":{"line":134,"column":57}}]}},"s":{"0":1,"1":12,"2":12,"3":12,"4":12,"5":12,"6":12,"7":2,"8":10,"9":10,"10":10,"11":10,"12":10,"13":10,"14":5,"15":5,"16":5,"17":0,"18":5,"19":5,"20":5,"21":5,"22":5,"23":5,"24":1,"25":12,"26":1,"27":3,"28":0,"29":3,"30":3,"31":3,"32":3,"33":3,"34":3,"35":3,"36":3,"37":3,"38":12,"39":12,"40":3,"41":3,"42":3,"43":3,"44":12,"45":12,"46":12,"47":12,"48":5,"49":3,"50":0,"51":0,"52":3,"53":2,"54":2,"55":2,"56":2,"57":2,"58":2,"59":2,"60":2,"61":3},"f":{"0":12,"1":12,"2":3,"3":12,"4":2},"b":{"0":[2,10],"1":[12,8,4],"2":[5,5],"3":[10,10,8],"4":[0,5],"5":[5,0],"6":[5,0],"7":[0,3],"8":[3,3,3,3],"9":[9,3],"10":[5,7],"11":[0,3],"12":[2,1],"13":[0,2],"14":[2,0]}}
,"/home/bob/code/dagre-reactjs/packages/dagre-reactjs/src/shapes/intersects/ellipse.ts": {"path":"/home/bob/code/dagre-reactjs/packages/dagre-reactjs/src/shapes/intersects/ellipse.ts","statementMap":{"0":{"start":{"line":4,"column":13},"end":{"line":35,"column":2}},"1":{"start":{"line":5,"column":2},"end":{"line":12,"column":null}},"2":{"start":{"line":11,"column":4},"end":{"line":11,"column":71}},"3":{"start":{"line":14,"column":13},"end":{"line":14,"column":27}},"4":{"start":{"line":15,"column":13},"end":{"line":15,"column":28}},"5":{"start":{"line":17,"column":13},"end":{"line":17,"column":19}},"6":{"start":{"line":18,"column":13},"end":{"line":18,"column":19}},"7":{"start":{"line":20,"column":13},"end":{"line":20,"column":25}},"8":{"start":{"line":21,"column":13},"end":{"line":21,"column":25}},"9":{"start":{"line":23,"column":14},"end":{"line":23,"column":62}},"10":{"start":{"line":25,"column":11},"end":{"line":25,"column":41}},"11":{"start":{"line":26,"column":2},"end":{"line":28,"column":null}},"12":{"start":{"line":27,"column":4},"end":{"line":27,"column":13}},"13":{"start":{"line":29,"column":11},"end":{"line":29,"column":41}},"14":{"start":{"line":30,"column":2},"end":{"line":32,"column":null}},"15":{"start":{"line":31,"column":4},"end":{"line":31,"column":13}},"16":{"start":{"line":34,"column":2},"end":{"line":34,"column":36}}},"fnMap":{"0":{"name":"(anonymous_0)","decl":{"start":{"line":4,"column":32},"end":{"line":4,"column":33}},"loc":{"start":{"line":4,"column":64},"end":{"line":35,"column":1}}}},"branchMap":{"0":{"loc":{"start":{"line":5,"column":2},"end":{"line":12,"column":null}},"type":"if","locations":[{"start":{"line":5,"column":2},"end":{"line":12,"column":null}},{"start":{"line":5,"column":2},"end":{"line":12,"column":null}}]},"1":{"loc":{"start":{"line":6,"column":4},"end":{"line":6,"column":23}},"type":"binary-expr","locations":[{"start":{"line":6,"column":4},"end":{"line":6,"column":23}},{"start":{"line":7,"column":4},"end":{"line":7,"column":24}},{"start":{"line":8,"column":4},"end":{"line":8,"column":19}},{"start":{"line":9,"column":4},"end":{"line":9,"column":19}}]},"2":{"loc":{"start":{"line":26,"column":2},"end":{"line":28,"column":null}},"type":"if","locations":[{"start":{"line":26,"column":2},"end":{"line":28,"column":null}},{"start":{"line":26,"column":2},"end":{"line":28,"column":null}}]},"3":{"loc":{"start":{"line":30,"column":2},"end":{"line":32,"column":null}},"type":"if","locations":[{"start":{"line":30,"column":2},"end":{"line":32,"column":null}},{"start":{"line":30,"column":2},"end":{"line":32,"column":null}}]}},"s":{"0":1,"1":3,"2":0,"3":3,"4":3,"5":3,"6":3,"7":3,"8":3,"9":3,"10":3,"11":3,"12":0,"13":3,"14":3,"15":0,"16":3},"f":{"0":3},"b":{"0":[0,3],"1":[3,3,3,3],"2":[0,3],"3":[0,3]}}
,"/home/bob/code/dagre-reactjs/packages/dagre-reactjs/src/shapes/intersects/rect.ts": {"path":"/home/bob/code/dagre-reactjs/packages/dagre-reactjs/src/shapes/intersects/rect.ts","statementMap":{"0":{"start":{"line":4,"column":13},"end":{"line":45,"column":2}},"1":{"start":{"line":5,"column":2},"end":{"line":41,"column":null}},"2":{"start":{"line":12,"column":14},"end":{"line":12,"column":20}},"3":{"start":{"line":13,"column":14},"end":{"line":13,"column":20}},"4":{"start":{"line":17,"column":15},"end":{"line":17,"column":26}},"5":{"start":{"line":18,"column":15},"end":{"line":18,"column":26}},"6":{"start":{"line":19,"column":12},"end":{"line":19,"column":26}},"7":{"start":{"line":20,"column":12},"end":{"line":20,"column":27}},"8":{"start":{"line":22,"column":13},"end":{"line":22,"column":14}},"9":{"start":{"line":23,"column":13},"end":{"line":23,"column":14}},"10":{"start":{"line":24,"column":4},"end":{"line":38,"column":null}},"11":{"start":{"line":26,"column":6},"end":{"line":28,"column":null}},"12":{"start":{"line":27,"column":8},"end":{"line":27,"column":15}},"13":{"start":{"line":29,"column":6},"end":{"line":29,"column":40}},"14":{"start":{"line":30,"column":6},"end":{"line":30,"column":13}},"15":{"start":{"line":33,"column":6},"end":{"line":35,"column":null}},"16":{"start":{"line":34,"column":8},"end":{"line":34,"column":15}},"17":{"start":{"line":36,"column":6},"end":{"line":36,"column":13}},"18":{"start":{"line":37,"column":6},"end":{"line":37,"column":40}},"19":{"start":{"line":40,"column":4},"end":{"line":40,"column":36}},"20":{"start":{"line":44,"column":2},"end":{"line":44,"column":36}}},"fnMap":{"0":{"name":"(anonymous_0)","decl":{"start":{"line":4,"column":29},"end":{"line":4,"column":30}},"loc":{"start":{"line":4,"column":61},"end":{"line":45,"column":1}}}},"branchMap":{"0":{"loc":{"start":{"line":5,"column":2},"end":{"line":41,"column":null}},"type":"if","locations":[{"start":{"line":5,"column":2},"end":{"line":41,"column":null}},{"start":{"line":5,"column":2},"end":{"line":41,"column":null}}]},"1":{"loc":{"start":{"line":6,"column":4},"end":{"line":6,"column":17}},"type":"binary-expr","locations":[{"start":{"line":6,"column":4},"end":{"line":6,"column":17}},{"start":{"line":7,"column":4},"end":{"line":7,"column":19}},{"start":{"line":8,"column":4},"end":{"line":8,"column":19}},{"start":{"line":9,"column":4},"end":{"line":9,"column":23}},{"start":{"line":10,"column":4},"end":{"line":10,"column":24}}]},"2":{"loc":{"start":{"line":24,"column":4},"end":{"line":38,"column":null}},"type":"if","locations":[{"start":{"line":24,"column":4},"end":{"line":38,"column":null}},{"start":{"line":24,"column":4},"end":{"line":38,"column":null}}]},"3":{"loc":{"start":{"line":26,"column":6},"end":{"line":28,"column":null}},"type":"if","locations":[{"start":{"line":26,"column":6},"end":{"line":28,"column":null}},{"start":{"line":26,"column":6},"end":{"line":28,"column":null}}]},"4":{"loc":{"start":{"line":29,"column":22},"end":{"line":29,"column":23}},"type":"cond-expr","locations":[{"start":{"line":29,"column":22},"end":{"line":29,"column":23}},{"start":{"line":29,"column":26},"end":{"line":29,"column":39}}]},"5":{"loc":{"start":{"line":33,"column":6},"end":{"line":35,"column":null}},"type":"if","locations":[{"start":{"line":33,"column":6},"end":{"line":35,"column":null}},{"start":{"line":33,"column":6},"end":{"line":35,"column":null}}]},"6":{"loc":{"start":{"line":37,"column":22},"end":{"line":37,"column":23}},"type":"cond-expr","locations":[{"start":{"line":37,"column":22},"end":{"line":37,"column":23}},{"start":{"line":37,"column":26},"end":{"line":37,"column":39}}]}},"s":{"0":1,"1":2,"2":2,"3":2,"4":2,"5":2,"6":2,"7":2,"8":2,"9":2,"10":2,"11":1,"12":0,"13":1,"14":1,"15":1,"16":0,"17":1,"18":1,"19":2,"20":0},"f":{"0":2},"b":{"0":[2,0],"1":[2,2,2,2,2],"2":[1,1],"3":[0,1],"4":[0,1],"5":[0,1],"6":[0,1]}}
}
