TN:
SF:src/DAGReact.tsx
FN:49,(anonymous_0)
FN:51,(anonymous_1)
FN:54,(anonymous_2)
FN:78,DAGReact
FN:198,(anonymous_4)
FN:218,(anonymous_5)
FN:221,(anonymous_6)
FN:227,(anonymous_7)
FN:243,(anonymous_8)
FN:256,(anonymous_9)
FN:261,(anonymous_10)
FN:266,(anonymous_11)
FN:104,(anonymous_12)
FN:125,(anonymous_13)
FN:131,(anonymous_14)
FN:137,(anonymous_15)
FN:143,(anonymous_16)
FN:147,(anonymous_17)
FN:162,(anonymous_18)
FN:176,(anonymous_19)
FN:184,(anonymous_20)
FN:187,(anonymous_21)
FN:72,(anonymous_22)
FNF:23
FNH:0
FNDA:0,(anonymous_0)
FNDA:0,(anonymous_1)
FNDA:0,(anonymous_2)
FNDA:0,DAGReact
FNDA:0,(anonymous_4)
FNDA:0,(anonymous_5)
FNDA:0,(anonymous_6)
FNDA:0,(anonymous_7)
FNDA:0,(anonymous_8)
FNDA:0,(anonymous_9)
FNDA:0,(anonymous_10)
FNDA:0,(anonymous_11)
FNDA:0,(anonymous_12)
FNDA:0,(anonymous_13)
FNDA:0,(anonymous_14)
FNDA:0,(anonymous_15)
FNDA:0,(anonymous_16)
FNDA:0,(anonymous_17)
FNDA:0,(anonymous_18)
FNDA:0,(anonymous_19)
FNDA:0,(anonymous_20)
FNDA:0,(anonymous_21)
FNDA:0,(anonymous_22)
DA:1,0
DA:3,0
DA:18,0
DA:19,0
DA:20,0
DA:21,0
DA:22,0
DA:23,0
DA:24,0
DA:25,0
DA:26,0
DA:49,0
DA:51,0
DA:52,0
DA:54,0
DA:60,0
DA:79,0
DA:81,0
DA:83,0
DA:90,0
DA:101,0
DA:104,0
DA:105,0
DA:106,0
DA:107,0
DA:108,0
DA:109,0
DA:116,0
DA:122,0
DA:125,0
DA:127,0
DA:128,0
DA:131,0
DA:133,0
DA:134,0
DA:137,0
DA:138,0
DA:139,0
DA:143,0
DA:144,0
DA:145,0
DA:146,0
DA:147,0
DA:148,0
DA:149,0
DA:150,0
DA:151,0
DA:152,0
DA:154,0
DA:155,0
DA:157,0
DA:162,0
DA:164,0
DA:166,0
DA:167,0
DA:168,0
DA:169,0
DA:170,0
DA:171,0
DA:173,0
DA:174,0
DA:177,0
DA:185,0
DA:188,0
DA:198,0
DA:203,0
DA:204,0
DA:205,0
DA:206,0
DA:208,0
DA:218,0
DA:221,0
DA:227,0
DA:228,0
DA:233,0
DA:243,0
DA:248,0
DA:249,0
DA:256,0
DA:261,0
DA:262,0
DA:263,0
DA:264,0
DA:266,0
DA:267,0
DA:268,0
DA:270,0
DA:271,0
DA:273,0
DA:274,0
DA:279,0
DA:281,0
DA:282,0
DA:284,0
DA:287,0
DA:295,0
DA:297,0
DA:298,0
DA:301,0
LF:99
LH:0
BRDA:79,0,0,0
BRDA:79,0,1,0
BRDA:270,1,0,0
BRDA:270,1,1,0
BRDA:270,2,0,0
BRDA:270,2,1,0
BRDA:273,3,0,0
BRDA:273,3,1,0
BRDA:105,4,0,0
BRDA:105,4,1,0
BRDA:138,5,0,0
BRDA:138,5,1,0
BRDA:144,6,0,0
BRDA:144,6,1,0
BRDA:154,7,0,0
BRDA:154,7,1,0
BRDA:166,8,0,0
BRDA:166,8,1,0
BRDA:167,9,0,0
BRDA:167,9,1,0
BRDA:168,10,0,0
BRDA:168,10,1,0
BRF:22
BRH:0
end_of_record
TN:
SF:src/DagreReact.tsx
FN:27,(anonymous_0)
FN:49,DagreReact
FN:57,(anonymous_2)
FN:43,(anonymous_3)
FNF:4
FNH:0
FNDA:0,(anonymous_0)
FNDA:0,DagreReact
FNDA:0,(anonymous_2)
FNDA:0,(anonymous_3)
DA:1,0
DA:3,0
DA:4,0
DA:5,0
DA:27,0
DA:31,0
DA:50,0
DA:52,0
DA:57,0
DA:58,0
DA:65,0
LF:11
LH:0
BRDA:50,0,0,0
BRDA:50,0,1,0
BRF:2
BRH:0
end_of_record
TN:
SF:src/Edge.tsx
FN:11,(anonymous_0)
FNF:1
FNH:0
FNDA:0,(anonymous_0)
DA:1,0
DA:11,0
DA:13,0
DA:14,0
DA:18,0
DA:19,0
DA:21,0
DA:35,0
LF:8
LH:0
BRDA:13,0,0,0
BRDA:13,0,1,0
BRDA:13,1,0,0
BRDA:13,1,1,0
BRDA:27,2,0,0
BRDA:27,2,1,0
BRF:6
BRH:0
end_of_record
TN:
SF:src/EdgeLabel.tsx
FN:19,(anonymous_0)
FNF:1
FNH:0
FNDA:0,(anonymous_0)
DA:1,0
DA:3,0
DA:19,0
DA:20,0
DA:21,0
DA:22,0
DA:23,0
DA:25,0
DA:26,0
DA:28,0
DA:33,0
DA:41,0
DA:42,0
DA:43,0
DA:45,0
DA:48,0
DA:49,0
DA:50,0
DA:51,0
DA:53,0
DA:74,0
LF:21
LH:0
BRDA:41,0,0,0
BRDA:41,0,1,0
BRDA:41,1,0,0
BRDA:41,1,1,0
BRDA:42,2,0,0
BRDA:42,2,1,0
BRDA:42,3,0,0
BRDA:42,3,1,0
BRDA:48,4,0,0
BRDA:48,4,1,0
BRDA:49,5,0,0
BRDA:49,5,1,0
BRDA:50,6,0,0
BRDA:50,6,1,0
BRDA:51,7,0,0
BRDA:51,7,1,0
BRDA:57,8,0,0
BRDA:57,8,1,0
BRF:18
BRH:0
end_of_record
TN:
SF:src/Node.tsx
FN:25,(anonymous_0)
FNF:1
FNH:0
FNDA:0,(anonymous_0)
DA:1,0
DA:4,0
DA:25,0
DA:26,0
DA:27,0
DA:28,0
DA:29,0
DA:30,0
DA:31,0
DA:33,0
DA:34,0
DA:35,0
DA:37,0
DA:46,0
DA:50,0
DA:56,0
DA:63,0
DA:64,0
DA:66,0
DA:67,0
DA:69,0
DA:70,0
DA:72,0
DA:73,0
DA:77,0
DA:85,0
DA:95,0
DA:97,0
DA:98,0
DA:100,0
DA:101,0
DA:103,0
DA:108,0
DA:114,0
DA:141,0
LF:35
LH:0
BRDA:50,0,0,0
BRDA:50,0,1,0
BRDA:56,1,0,0
BRDA:56,1,1,0
BRDA:57,2,0,0
BRDA:57,2,1,0
BRDA:57,2,2,0
BRDA:57,2,3,0
BRDA:57,2,4,0
BRDA:63,3,0,0
BRDA:63,3,1,0
BRDA:63,4,0,0
BRDA:63,4,1,0
BRDA:66,5,0,0
BRDA:66,5,1,0
BRDA:66,6,0,0
BRDA:66,6,1,0
BRDA:69,7,0,0
BRDA:69,7,1,0
BRDA:69,8,0,0
BRDA:69,8,1,0
BRDA:72,9,0,0
BRDA:72,9,1,0
BRDA:72,10,0,0
BRDA:72,10,1,0
BRDA:97,11,0,0
BRDA:97,11,1,0
BRDA:98,12,0,0
BRDA:98,12,1,0
BRDA:104,13,0,0
BRDA:104,13,1,0
BRDA:105,14,0,0
BRDA:105,14,1,0
BRDA:109,15,0,0
BRDA:109,15,1,0
BRDA:110,16,0,0
BRDA:110,16,1,0
BRDA:123,17,0,0
BRDA:123,17,1,0
BRF:39
BRH:0
end_of_record
TN:
SF:src/config_defaults.ts
FNF:0
FNH:0
DA:1,0
DA:27,0
LF:2
LH:0
BRF:0
BRH:0
end_of_record
TN:
SF:src/graph.ts
FN:5,(anonymous_0)
FN:11,Graph
FN:18,(anonymous_2)
FN:22,(anonymous_3)
FN:31,(anonymous_4)
FN:34,(anonymous_5)
FN:38,(anonymous_6)
FN:44,(anonymous_7)
FN:54,(anonymous_8)
FN:58,(anonymous_9)
FN:63,(anonymous_10)
FN:71,(anonymous_11)
FN:75,(anonymous_12)
FN:76,(anonymous_13)
FN:79,(anonymous_14)
FN:87,(anonymous_15)
FN:95,(anonymous_16)
FN:100,(anonymous_17)
FN:103,(anonymous_18)
FNF:19
FNH:0
FNDA:0,(anonymous_0)
FNDA:0,Graph
FNDA:0,(anonymous_2)
FNDA:0,(anonymous_3)
FNDA:0,(anonymous_4)
FNDA:0,(anonymous_5)
FNDA:0,(anonymous_6)
FNDA:0,(anonymous_7)
FNDA:0,(anonymous_8)
FNDA:0,(anonymous_9)
FNDA:0,(anonymous_10)
FNDA:0,(anonymous_11)
FNDA:0,(anonymous_12)
FNDA:0,(anonymous_13)
FNDA:0,(anonymous_14)
FNDA:0,(anonymous_15)
FNDA:0,(anonymous_16)
FNDA:0,(anonymous_17)
FNDA:0,(anonymous_18)
DA:1,0
DA:2,0
DA:5,0
DA:12,0
DA:13,0
DA:14,0
DA:15,0
DA:18,0
DA:22,0
DA:28,0
DA:29,0
DA:31,0
DA:32,0
DA:34,0
DA:35,0
DA:38,0
DA:39,0
DA:40,0
DA:41,0
DA:42,0
DA:44,0
DA:45,0
DA:46,0
DA:47,0
DA:50,0
DA:51,0
DA:54,0
DA:55,0
DA:58,0
DA:59,0
DA:60,0
DA:63,0
DA:64,0
DA:65,0
DA:66,0
DA:68,0
DA:71,0
DA:72,0
DA:75,0
DA:76,0
DA:79,0
DA:80,0
DA:82,0
DA:83,0
DA:84,0
DA:87,0
DA:88,0
DA:90,0
DA:91,0
DA:92,0
DA:95,0
DA:96,0
DA:97,0
DA:99,0
DA:100,0
DA:102,0
DA:103,0
DA:110,0
DA:112,0
LF:59
LH:0
BRDA:64,0,0,0
BRDA:64,0,1,0
BRDA:100,1,0,0
BRDA:100,1,1,0
BRDA:103,2,0,0
BRDA:103,2,1,0
BRDA:110,3,0,0
BRDA:110,3,1,0
BRF:8
BRH:0
end_of_record
TN:
SF:src/index.tsx
FN:1,(anonymous_0)
FN:2,(anonymous_1)
FN:3,(anonymous_2)
FN:4,(anonymous_3)
FN:5,(anonymous_4)
FN:6,(anonymous_5)
FN:7,(anonymous_6)
FN:8,(anonymous_7)
FN:9,(anonymous_8)
FN:10,(anonymous_9)
FNF:10
FNH:0
FNDA:0,(anonymous_0)
FNDA:0,(anonymous_1)
FNDA:0,(anonymous_2)
FNDA:0,(anonymous_3)
FNDA:0,(anonymous_4)
FNDA:0,(anonymous_5)
FNDA:0,(anonymous_6)
FNDA:0,(anonymous_7)
FNDA:0,(anonymous_8)
FNDA:0,(anonymous_9)
DA:1,0
DA:2,0
DA:3,0
DA:4,0
DA:5,0
DA:6,0
DA:7,0
DA:8,0
DA:9,0
DA:10,0
DA:11,0
LF:11
LH:0
BRF:0
BRH:0
end_of_record
TN:
SF:src/layout-dagre.ts
FN:5,(anonymous_0)
FN:8,LayoutDagre
FN:14,(anonymous_2)
FN:19,(anonymous_3)
FN:26,(anonymous_4)
FN:34,(anonymous_5)
FN:35,(anonymous_6)
FN:37,(anonymous_7)
FN:40,(anonymous_8)
FN:45,(anonymous_9)
FNF:10
FNH:0
FNDA:0,(anonymous_0)
FNDA:0,LayoutDagre
FNDA:0,(anonymous_2)
FNDA:0,(anonymous_3)
FNDA:0,(anonymous_4)
FNDA:0,(anonymous_5)
FNDA:0,(anonymous_6)
FNDA:0,(anonymous_7)
FNDA:0,(anonymous_8)
FNDA:0,(anonymous_9)
DA:1,0
DA:2,0
DA:5,0
DA:9,0
DA:10,0
DA:11,0
DA:13,0
DA:14,0
DA:15,0
DA:19,0
DA:20,0
DA:22,0
DA:23,0
DA:26,0
DA:32,0
DA:34,0
DA:35,0
DA:37,0
DA:38,0
DA:40,0
DA:41,0
DA:45,0
DA:46,0
DA:47,0
DA:51,0
DA:52,0
DA:54,0
LF:27
LH:0
BRDA:9,0,0,0
BRDA:9,0,1,0
BRF:2
BRH:0
end_of_record
TN:
SF:src/types.ts
FN:79,(anonymous_0)
FNF:1
FNH:0
FNDA:0,(anonymous_0)
DA:79,0
DA:80,0
DA:81,0
LF:3
LH:0
BRDA:79,0,0,0
BRDA:79,0,1,0
BRF:2
BRH:0
end_of_record
TN:
SF:src/useSize.ts
FN:11,useSize
FN:24,(anonymous_1)
FNF:2
FNH:0
FNDA:0,useSize
FNDA:0,(anonymous_1)
DA:2,0
DA:19,0
DA:24,0
DA:25,0
DA:26,0
DA:29,0
DA:30,0
DA:31,0
DA:32,0
DA:33,0
DA:34,0
DA:36,0
DA:37,0
DA:40,0
DA:41,0
DA:44,0
DA:50,0
DA:51,0
DA:55,0
DA:67,0
DA:70,0
LF:21
LH:0
BRDA:25,0,0,0
BRDA:25,0,1,0
BRDA:25,1,0,0
BRDA:25,1,1,0
BRDA:31,2,0,0
BRDA:31,2,1,0
BRDA:40,3,0,0
BRDA:40,3,1,0
BRDA:40,4,0,0
BRDA:40,4,1,0
BRDA:44,5,0,0
BRDA:44,5,1,0
BRDA:45,6,0,0
BRDA:45,6,1,0
BRDA:45,6,2,0
BRDA:45,6,3,0
BRDA:50,7,0,0
BRDA:50,7,1,0
BRDA:50,8,0,0
BRDA:50,8,1,0
BRDA:50,8,2,0
BRDA:59,9,0,0
BRDA:59,9,1,0
BRDA:60,10,0,0
BRDA:60,10,1,0
BRDA:62,11,0,0
BRDA:62,11,1,0
BRDA:63,12,0,0
BRDA:63,12,1,0
BRF:29
BRH:0
end_of_record
TN:
SF:src/valuecache.ts
FN:1,(anonymous_0)
FN:4,ValueCache
FN:8,(anonymous_2)
FN:12,(anonymous_3)
FNF:4
FNH:0
FNDA:0,(anonymous_0)
FNDA:0,ValueCache
FNDA:0,(anonymous_2)
FNDA:0,(anonymous_3)
DA:1,0
DA:5,0
DA:8,0
DA:9,0
DA:12,0
DA:13,0
DA:15,0
LF:7
LH:0
BRF:0
BRH:0
end_of_record
TN:
SF:src/edgelabels/Text.tsx
FN:5,(anonymous_0)
FNF:1
FNH:1
FNDA:4,(anonymous_0)
DA:1,2
DA:5,4
DA:6,4
LF:3
LH:3
BRDA:9,0,0,4
BRDA:9,0,1,4
BRDA:12,1,0,4
BRDA:12,1,1,1
BRF:4
BRH:4
end_of_record
TN:
SF:src/edgelabels/index.ts
FN:11,(anonymous_0)
FNF:1
FNH:1
FNDA:3,(anonymous_0)
DA:2,1
DA:4,1
DA:11,1
DA:15,3
DA:16,2
DA:19,1
LF:6
LH:6
BRDA:15,0,0,2
BRDA:15,0,1,1
BRF:2
BRH:2
end_of_record
TN:
SF:src/markers/NormalMarker.tsx
FN:5,(anonymous_0)
FNF:1
FNH:1
FNDA:4,(anonymous_0)
DA:1,2
DA:5,4
DA:6,4
LF:3
LH:3
BRDA:21,0,0,4
BRDA:21,0,1,3
BRF:2
BRH:2
end_of_record
TN:
SF:src/markers/UndirectedMarker.tsx
FN:5,(anonymous_0)
FNF:1
FNH:1
FNDA:4,(anonymous_0)
DA:1,2
DA:5,2
DA:6,4
DA:7,4
DA:9,4
LF:5
LH:5
BRDA:24,0,0,4
BRDA:24,0,1,3
BRF:2
BRH:2
end_of_record
TN:
SF:src/markers/VeeMarker.tsx
FN:5,(anonymous_0)
FNF:1
FNH:1
FNDA:4,(anonymous_0)
DA:1,2
DA:5,4
DA:6,4
LF:3
LH:3
BRDA:21,0,0,4
BRDA:21,0,1,3
BRF:2
BRH:2
end_of_record
TN:
SF:src/markers/index.ts
FN:12,(anonymous_0)
FNF:1
FNH:1
FNDA:4,(anonymous_0)
DA:2,1
DA:3,1
DA:4,1
DA:6,1
DA:12,1
DA:16,4
DA:17,3
DA:20,1
LF:8
LH:8
BRDA:16,0,0,3
BRDA:16,0,1,1
BRF:2
BRH:2
end_of_record
TN:
SF:src/nodelabels/Text.tsx
FN:5,(anonymous_0)
FNF:1
FNH:1
FNDA:4,(anonymous_0)
DA:1,2
DA:5,4
DA:6,4
LF:3
LH:3
BRDA:9,0,0,4
BRDA:9,0,1,4
BRF:2
BRH:2
end_of_record
TN:
SF:src/nodelabels/index.ts
FN:11,(anonymous_0)
FNF:1
FNH:1
FNDA:3,(anonymous_0)
DA:2,1
DA:4,1
DA:11,1
DA:15,3
DA:16,2
DA:19,1
LF:6
LH:6
BRDA:15,0,0,2
BRDA:15,0,1,1
BRF:2
BRH:2
end_of_record
TN:
SF:src/paths/index.ts
FN:8,(anonymous_0)
FNF:1
FNH:1
FNDA:2,(anonymous_0)
DA:2,1
DA:4,1
DA:8,1
DA:12,2
DA:13,1
DA:16,1
LF:6
LH:6
BRDA:12,0,0,1
BRDA:12,0,1,1
BRF:2
BRH:2
end_of_record
TN:
SF:src/paths/normal.ts
FN:3,(anonymous_0)
FNF:1
FNH:1
FNDA:1,(anonymous_0)
DA:3,2
DA:4,1
DA:5,1
DA:6,2
DA:9,1
LF:5
LH:5
BRDA:6,0,0,1
BRDA:6,0,1,1
BRF:2
BRH:2
end_of_record
TN:
SF:src/shapes/Circle.tsx
FN:5,(anonymous_0)
FNF:1
FNH:1
FNDA:3,(anonymous_0)
DA:1,1
DA:5,3
DA:6,3
DA:7,0
DA:9,3
DA:11,3
LF:6
LH:5
BRDA:6,0,0,0
BRDA:6,0,1,3
BRDA:6,1,0,3
BRDA:6,1,1,3
BRDA:6,1,2,3
BRDA:6,2,0,3
BRDA:6,2,1,3
BRDA:13,3,0,3
BRDA:13,3,1,0
BRF:9
BRH:7
end_of_record
TN:
SF:src/shapes/Diamond.tsx
FN:5,(anonymous_0)
FN:19,(anonymous_1)
FN:29,(anonymous_2)
FNF:3
FNH:3
FNDA:2,(anonymous_0)
FNDA:2,(anonymous_1)
FNDA:8,(anonymous_2)
DA:1,1
DA:5,1
DA:6,2
DA:7,2
DA:9,2
DA:16,2
DA:19,2
DA:20,2
DA:21,0
DA:24,2
DA:26,2
DA:29,8
LF:12
LH:11
BRDA:20,0,0,0
BRDA:20,0,1,2
BRDA:20,1,0,2
BRDA:20,1,1,2
BRDA:20,1,2,2
BRDA:20,2,0,2
BRDA:20,2,1,2
BRDA:28,3,0,2
BRDA:28,3,1,0
BRF:9
BRH:7
end_of_record
TN:
SF:src/shapes/Rect.tsx
FN:5,(anonymous_0)
FNF:1
FNH:1
FNDA:2,(anonymous_0)
DA:1,1
DA:5,2
DA:6,2
DA:7,0
DA:10,2
DA:11,2
DA:13,2
LF:7
LH:6
BRDA:6,0,0,0
BRDA:6,0,1,2
BRDA:6,1,0,2
BRDA:6,1,1,2
BRDA:6,1,2,2
BRDA:6,2,0,2
BRDA:6,2,1,2
BRDA:17,3,0,2
BRDA:17,3,1,0
BRDA:18,4,0,2
BRDA:18,4,1,0
BRDA:19,5,0,2
BRDA:19,5,1,0
BRF:13
BRH:9
end_of_record
TN:
SF:src/shapes/shapes.ts
FN:24,(anonymous_0)
FNF:1
FNH:0
FNDA:0,(anonymous_0)
DA:1,0
DA:2,0
DA:3,0
DA:4,0
DA:6,0
DA:7,0
DA:9,0
DA:24,0
DA:28,0
DA:29,0
DA:32,0
LF:11
LH:0
BRDA:28,0,0,0
BRDA:28,0,1,0
BRF:2
BRH:0
end_of_record
TN:
SF:src/shapes/intersects/diamond.ts
FN:8,(anonymous_0)
FN:65,(anonymous_1)
FN:69,(anonymous_2)
FN:96,(anonymous_3)
FN:125,(anonymous_4)
FNF:5
FNH:5
FNDA:12,(anonymous_0)
FNDA:12,(anonymous_1)
FNDA:3,(anonymous_2)
FNDA:12,(anonymous_3)
FNDA:2,(anonymous_4)
DA:8,1
DA:15,12
DA:16,12
DA:17,12
DA:20,12
DA:21,12
DA:25,12
DA:26,2
DA:30,10
DA:31,10
DA:32,10
DA:35,10
DA:36,10
DA:41,10
DA:42,5
DA:46,5
DA:47,5
DA:48,0
DA:51,5
DA:56,5
DA:57,5
DA:59,5
DA:60,5
DA:62,5
DA:65,1
DA:66,12
DA:69,1
DA:70,3
DA:76,0
DA:79,3
DA:80,3
DA:82,3
DA:89,3
DA:90,3
DA:92,3
DA:94,3
DA:95,3
DA:96,3
DA:97,12
DA:98,12
DA:101,3
DA:102,3
DA:104,3
DA:105,12
DA:106,12
DA:107,12
DA:113,12
DA:114,5
DA:118,3
DA:119,0
DA:120,0
DA:123,3
DA:125,2
DA:126,2
DA:127,2
DA:128,2
DA:130,2
DA:131,2
DA:132,2
DA:134,2
DA:137,3
LF:61
LH:57
BRDA:25,0,0,2
BRDA:25,0,1,10
BRDA:25,1,0,12
BRDA:25,1,1,8
BRDA:25,1,2,4
BRDA:41,2,0,5
BRDA:41,2,1,5
BRDA:41,3,0,10
BRDA:41,3,1,10
BRDA:41,3,2,8
BRDA:47,4,0,0
BRDA:47,4,1,5
BRDA:57,5,0,5
BRDA:57,5,1,0
BRDA:60,6,0,5
BRDA:60,6,1,0
BRDA:70,7,0,0
BRDA:70,7,1,3
BRDA:71,8,0,3
BRDA:71,8,1,3
BRDA:71,8,2,3
BRDA:71,8,3,3
BRDA:106,9,0,9
BRDA:106,9,1,3
BRDA:113,10,0,5
BRDA:113,10,1,7
BRDA:118,11,0,0
BRDA:118,11,1,3
BRDA:123,12,0,2
BRDA:123,12,1,1
BRDA:134,13,0,0
BRDA:134,13,1,2
BRDA:134,14,0,2
BRDA:134,14,1,0
BRF:34
BRH:27
end_of_record
TN:
SF:src/shapes/intersects/ellipse.ts
FN:4,(anonymous_0)
FNF:1
FNH:1
FNDA:3,(anonymous_0)
DA:4,1
DA:5,3
DA:11,0
DA:14,3
DA:15,3
DA:17,3
DA:18,3
DA:20,3
DA:21,3
DA:23,3
DA:25,3
DA:26,3
DA:27,0
DA:29,3
DA:30,3
DA:31,0
DA:34,3
LF:17
LH:14
BRDA:5,0,0,0
BRDA:5,0,1,3
BRDA:6,1,0,3
BRDA:6,1,1,3
BRDA:6,1,2,3
BRDA:6,1,3,3
BRDA:26,2,0,0
BRDA:26,2,1,3
BRDA:30,3,0,0
BRDA:30,3,1,3
BRF:10
BRH:7
end_of_record
TN:
SF:src/shapes/intersects/rect.ts
FN:4,(anonymous_0)
FNF:1
FNH:1
FNDA:2,(anonymous_0)
DA:4,1
DA:5,2
DA:12,2
DA:13,2
DA:17,2
DA:18,2
DA:19,2
DA:20,2
DA:22,2
DA:23,2
DA:24,2
DA:26,1
DA:27,0
DA:29,1
DA:30,1
DA:33,1
DA:34,0
DA:36,1
DA:37,1
DA:40,2
DA:44,0
LF:21
LH:18
BRDA:5,0,0,2
BRDA:5,0,1,0
BRDA:6,1,0,2
BRDA:6,1,1,2
BRDA:6,1,2,2
BRDA:6,1,3,2
BRDA:6,1,4,2
BRDA:24,2,0,1
BRDA:24,2,1,1
BRDA:26,3,0,0
BRDA:26,3,1,1
BRDA:29,4,0,0
BRDA:29,4,1,1
BRDA:33,5,0,0
BRDA:33,5,1,1
BRDA:37,6,0,0
BRDA:37,6,1,1
BRF:17
BRH:12
end_of_record
